2022-03-11 00:04:09,029 {Main} {INFO} [user_model,236,getOdata]getOdata:1,b4de053ac3963df5167956b824cc221d,-1561697191,0,0,68660728,2.97,e40e445e664c1ff38aa56558a6d8ce82,5b41fc96fdf3040a4197fd9ec505b164,1646928249,0,103.86.46.13:9008,9000, 
2022-03-11 00:11:29,465 {Main} {DEBUG} [sendmail_handler,29,post][{'uaid': 3666, 'key_ma': '990ad1b91acb61c7278b18eed7ad2406', 'flag_ma': 1, 'uid': 18, 'email': '99051131@qq.com', 'emailflag': 0, 'account': '2102247404', 'uname': 'Fxcns', 'ma_name': None, 'logo_url': None, 'fx_comment': None}, {'uaid': 3670, 'key_ma': '3a07184bd4b83aec9f27428c1e4d9fd5', 'flag_ma': 1, 'uid': 18, 'email': '99051131@qq.com', 'emailflag': 0, 'account': '2102249469', 'uname': 'Fxcns', 'ma_name': None, 'logo_url': None, 'fx_comment': None}, {'uaid': 3056, 'key_ma': '869dd820b7d642fded2fcb82e079b791', 'flag_ma': 1, 'uid': 18, 'email': '99051131@qq.com', 'emailflag': 0, 'account': '197682', 'uname': 'Fxcns', 'ma_name': None, 'logo_url': None, 'fx_comment': None}, {'uaid': 3806, 'key_ma': '2b5f8ad2da52f0cdd6f37762717067b9', 'flag_ma': 1, 'uid': 18, 'email': '99051131@qq.com', 'emailflag': 0, 'account': '1218591488', 'uname': 'Fxcns', 'ma_name': None, 'logo_url': None, 'fx_comment': None}, {'uaid': 3940, 'key_ma': '3901b44653e08dc8968a5fa6b2bbbe98', 'flag_ma': 0, 'uid': 18, 'email': '99051131@qq.com', 'emailflag': 0, 'account': '2102269291', 'uname': 'Fxcns', 'ma_name': None, 'logo_url': None, 'fx_comment': None}, {'uaid': 3961, 'key_ma': 'a062420739657af297a9fa5a1ee604d5', 'flag_ma': 1, 'uid': 18, 'email': '99051131@qq.com', 'emailflag': 0, 'account': '2102270602', 'uname': 'Fxcns', 'ma_name': None, 'logo_url': None, 'fx_comment': None}, {'uaid': 3966, 'key_ma': '5a0f17013856909b52a28d5adfc05d0e', 'flag_ma': 1, 'uid': 18, 'email': '99051131@qq.com', 'emailflag': 0, 'account': '777026', 'uname': 'Fxcns', 'ma_name': None, 'logo_url': None, 'fx_comment': None}, {'uaid': 3967, 'key_ma': '20aeea719b83ff435534e9bb0fa2e56a', 'flag_ma': 0, 'uid': 18, 'email': '99051131@qq.com', 'emailflag': 0, 'account': '2100030993', 'uname': 'Fxcns', 'ma_name': '测试用0993', 'logo_url': '7f620095b82a9be8572c397627b3dd5b.png', 'fx_comment': None}, {'uaid': 4057, 'key_ma': '2cf3c3a1e71ecab83f91ad7eb00ccc7d', 'flag_ma': 1, 'uid': 18, 'email': '99051131@qq.com', 'emailflag': 0, 'account': '2100032183', 'uname': 'Fxcns', 'ma_name': None, 'logo_url': None, 'fx_comment': ''}, {'uaid': 4080, 'key_ma': '20bad6572c5278fe8f5954ea2da2f5fe', 'flag_ma': 0, 'uid': 18, 'email': '99051131@qq.com', 'emailflag': 0, 'account': '1218629635', 'uname': 'Fxcns', 'ma_name': 'MT4调测策略', 'logo_url': None, 'fx_comment': 'fxcns'}, {'uaid': 4148, 'key_ma': '99582620477f3abd2e530bf5d48366e5', 'flag_ma': 0, 'uid': 18, 'email': '99051131@qq.com', 'emailflag': 0, 'account': '1218631800', 'uname': 'Fxcns', 'ma_name': None, 'logo_url': None, 'fx_comment': None}, {'uaid': 4149, 'key_ma': 'c281bd63f479224abeecc68b500340ad', 'flag_ma': 1, 'uid': 18, 'email': '99051131@qq.com', 'emailflag': 0, 'account': '20905827637677', 'uname': 'Fxcns', 'ma_name': None, 'logo_url': None, 'fx_comment': None}, {'uaid': 4041, 'key_ma': 'a93ba642c47873db56989eaec8cb116a', 'flag_ma': 1, 'uid': 18, 'email': '99051131@qq.com', 'emailflag': 0, 'account': '611159', 'uname': 'Fxcns', 'ma_name': None, 'logo_url': None, 'fx_comment': None}, {'uaid': 4161, 'key_ma': '35de4e0487695d7134bef7dbcc0f922c', 'flag_ma': 1, 'uid': 18, 'email': '99051131@qq.com', 'emailflag': 0, 'account': '5100660', 'uname': 'Fxcns', 'ma_name': None, 'logo_url': None, 'fx_comment': None}, {'uaid': 4516, 'key_ma': '952542a95d75ae405d60420bbb4b8581', 'flag_ma': 0, 'uid': 18, 'email': '99051131@qq.com', 'emailflag': 0, 'account': '6044856', 'uname': 'Fxcns', 'ma_name': 'MT5测试', 'logo_url': None, 'fx_comment': None}, {'uaid': 4501, 'key_ma': 'b2cd5beb37f428d9cacec6886bf9c16e', 'flag_ma': 1, 'uid': 18, 'email': '99051131@qq.com', 'emailflag': 0, 'account': '6044770', 'uname': 'Fxcns', 'ma_name': None, 'logo_url': None, 'fx_comment': None}, {'uaid': 4564, 'key_ma': '54016d2d77d70bab80a252d339e1b713', 'flag_ma': 0, 'uid': 18, 'email': '99051131@qq.com', 'emailflag': 0, 'account': '1218675428', 'uname': 'Fxcns', 'ma_name': None, 'logo_url': None, 'fx_comment': None}, {'uaid': 4578, 'key_ma': '0677ae9ca23ea2e7f2d69e0b7a5be1e1', 'flag_ma': 0, 'uid': 18, 'email': '99051131@qq.com', 'emailflag': 0, 'account': '1218675579', 'uname': 'Fxcns', 'ma_name': None, 'logo_url': None, 'fx_comment': None}, {'uaid': 4696, 'key_ma': '0dbf28b76b92b273f4971769287bc6e0', 'flag_ma': 1, 'uid': 18, 'email': '99051131@qq.com', 'emailflag': 0, 'account': '1218677953', 'uname': 'Fxcns', 'ma_name': 'MT4策略调试', 'logo_url': None, 'fx_comment': None}, {'uaid': 4708, 'key_ma': '5c3b0c5b41ea311a8d58ef90b40833d9', 'flag_ma': 1, 'uid': 18, 'email': '99051131@qq.com', 'emailflag': 0, 'account': '6047088', 'uname': 'Fxcns', 'ma_name': 'MT5调测策略', 'logo_url': None, 'fx_comment': None}, {'uaid': 4870, 'key_ma': 'e44a8cbd006baa01f9388bffe2e2dcea', 'flag_ma': 1, 'uid': 18, 'email': '99051131@qq.com', 'emailflag': 0, 'account': '6051144', 'uname': 'Fxcns', 'ma_name': 'AI策略-11K-3out', 'logo_url': None, 'fx_comment': None}, {'uaid': 4926, 'key_ma': '8ac5d917b5b0f555e5c02c472dcad83f', 'flag_ma': 1, 'uid': 18, 'email': '99051131@qq.com', 'emailflag': 0, 'account': '6051689', 'uname': 'Fxcns', 'ma_name': '  AI策略-11K-3out-9.07', 'logo_url': None, 'fx_comment': None}, {'uaid': 5022, 'key_ma': '012165251487f46057cecf86b759c34c', 'flag_ma': 1, 'uid': 18, 'email': '99051131@qq.com', 'emailflag': 0, 'account': '641751', 'uname': 'Fxcns', 'ma_name': 'AI策略-11K-3out9.07实盘', 'logo_url': None, 'fx_comment': None}, {'uaid': 5120, 'key_ma': 'e0aa78d6fc6fb8fa9e5f8e86c378a036', 'flag_ma': 1, 'uid': 18, 'email': '99051131@qq.com', 'emailflag': 0, 'account': '6055075', 'uname': 'Fxcns', 'ma_name': '  AI策略-11K-3out9.09', 'logo_url': None, 'fx_comment': None}, {'uaid': 5268, 'key_ma': '050ac56c1b7f16ac8793f6459c4cf357', 'flag_ma': 1, 'uid': 18, 'email': '99051131@qq.com', 'emailflag': 0, 'account': '6058412', 'uname': 'Fxcns', 'ma_name': 'AI策略-11K-9.07G_', 'logo_url': None, 'fx_comment': None}, {'uaid': 12034, 'key_ma': '8e09c317d952d12a93da6f9e2bec1623', 'flag_ma': 1, 'uid': 18, 'email': '99051131@qq.com', 'emailflag': 0, 'account': '6059085', 'uname': 'Fxcns', 'ma_name': 'AI策略-11K-3out-9.10-H', 'logo_url': None, 'fx_comment': None}, {'uaid': 12626, 'key_ma': '8e1700c0ce9080f6665cc3c7de3fd740', 'flag_ma': 1, 'uid': 18, 'email': '99051131@qq.com', 'emailflag': 0, 'account': '6080428', 'uname': 'Fxcns', 'ma_name': None, 'logo_url': None, 'fx_comment': None}, {'uaid': 12642, 'key_ma': 'bf3edbe3def06c1301fb44569b65cbda', 'flag_ma': 1, 'uid': 18, 'email': '99051131@qq.com', 'emailflag': 0, 'account': '6081528', 'uname': 'Fxcns', 'ma_name': 'BB202201', 'logo_url': None, 'fx_comment': None}, {'uaid': 12668, 'key_ma': '23f2d6c7d164757c74bb7852bd40c6d6', 'flag_ma': 1, 'uid': 18, 'email': '99051131@qq.com', 'emailflag': 0, 'account': '6081962', 'uname': 'Fxcns', 'ma_name': None, 'logo_url': None, 'fx_comment': None}] 
2022-03-11 00:11:42,831 {Main} {DEBUG} [copy_handler,172,chick_seach]true 
2022-03-11 00:11:42,836 {Main} {DEBUG} [copy_handler,146,post]{'allnum': 1} 
2022-03-11 00:11:42,837 {Main} {DEBUG} [copy_handler,163,post]{'data': [{'t_count': 205, 't_num': 22.6, 't_profit': -2.14, 't_swap': -10.14, 't_comm': 0.0, 'uaid': 12658, 'account': '1218790874', 'allname': 'fxcns'}], 'recordsTotal': 1, 'recordsFiltered': 1, 'fx_type': 'list_order_count'} 
2022-03-11 00:11:53,769 {Main} {DEBUG} [admin_handler,42,get]set:12668 
2022-03-11 00:11:54,766 {Main} {DEBUG} [strategy_handler,141,get]{'reponse_status': 5, 'symbol_list': ['AUDUSD,buy', 'EURUSD,buy', 'NZDUSD,buy', 'USDCAD,sell', 'USDCHF,sell'], 'num_list': [0.15, 0.02, 0.15, 0.1, 0.1]} 
2022-03-11 00:11:54,825 {Main} {DEBUG} [strategy_handler,141,get]{'reponse_status': 0, 'echo': None, 'm_echo': None} 
2022-03-11 00:14:30,454 {Main} {DEBUG} [pay_order_handler,109,post]{'allnum': 550} 
2022-03-11 00:43:03,612 {Main} {INFO} [mysqlopen,16,__init__]Connect MySql Ok 
2022-03-11 00:43:03,615 {Main} {INFO} [mysqlopen,23,__del__]Close MySql 
2022-03-11 00:43:27,601 {Main} {DEBUG} [admin_handler,69,post]ManagerArr:{'uid': 1, 'uname': 'hoddy355', 'faceurl': '', 'admin_id': 1} 
2022-03-11 00:43:28,882 {Main} {DEBUG} [strategy_handler,192,chick_seach]true 
2022-03-11 00:43:48,067 {Main} {DEBUG} [strategy_handler,192,chick_seach]true 
2022-03-11 00:43:48,071 {Main} {DEBUG} [strategy_handler,165,post]{'allnum': 3} 
2022-03-11 00:43:51,169 {Main} {DEBUG} [strategy_handler,192,chick_seach]true 
2022-03-11 00:43:51,460 {Main} {DEBUG} [strategy_handler,192,chick_seach]true 
2022-03-11 00:43:51,521 {Main} {DEBUG} [strategy_handler,192,chick_seach]true 
2022-03-11 00:44:21,949 {Main} {DEBUG} [strategy_redis_handler,45,post]{'reponse_status': 5, 'echo': 1} 
2022-03-11 00:44:54,427 {Main} {DEBUG} [strategy_handler,192,chick_seach]true 
2022-03-11 00:45:05,102 {Main} {DEBUG} [strategy_handler,192,chick_seach]true 
2022-03-11 00:45:19,878 {Main} {DEBUG} [strategy_handler,192,chick_seach]true 
2022-03-11 01:16:07,657 {Main} {DEBUG} [strategy_handler,192,chick_seach]true 
2022-03-11 01:16:07,664 {Main} {DEBUG} [strategy_handler,165,post]{'allnum': 6} 
2022-03-11 02:07:54,614 {Main} {DEBUG} [strategy_redis_handler,45,post]{'reponse_status': 5, 'echo': 1} 
2022-03-11 02:07:55,576 {Main} {DEBUG} [strategy_handler,192,chick_seach]true 
2022-03-11 02:07:56,240 {Main} {DEBUG} [strategy_handler,192,chick_seach]true 
2022-03-11 02:07:56,247 {Main} {DEBUG} [strategy_handler,165,post]{'allnum': 6} 
2022-03-11 02:07:56,265 {Main} {DEBUG} [strategy_handler,192,chick_seach]true 
2022-03-11 02:08:45,203 {Main} {DEBUG} [strategy_redis_handler,45,post]{'reponse_status': 5, 'echo': 1} 
2022-03-11 02:09:09,750 {Main} {DEBUG} [strategy_handler,192,chick_seach]true 
2022-03-11 02:09:09,780 {Main} {DEBUG} [strategy_handler,192,chick_seach]true 
2022-03-11 02:09:16,639 {Main} {DEBUG} [strategy_handler,192,chick_seach]true 
2022-03-11 02:10:13,298 {Main} {DEBUG} [strategy_handler,192,chick_seach]true 
2022-03-11 02:10:16,293 {Main} {DEBUG} [strategy_handler,192,chick_seach]true 
2022-03-11 02:10:45,504 {Main} {DEBUG} [strategy_redis_handler,45,post]{'reponse_status': 5, 'echo': 1} 
2022-03-11 02:11:45,214 {Main} {DEBUG} [strategy_handler,192,chick_seach]true 
2022-03-11 02:12:45,630 {Main} {DEBUG} [strategy_handler,192,chick_seach]true 
2022-03-11 02:13:54,088 {Main} {DEBUG} [strategy_handler,192,chick_seach]true 
2022-03-11 02:13:54,101 {Main} {DEBUG} [strategy_handler,192,chick_seach]true 
2022-03-11 02:13:54,124 {Main} {DEBUG} [strategy_redis_handler,45,post]{'reponse_status': 5, 'echo': 1} 
2022-03-11 08:37:15,447 {Main} {DEBUG} [sendmail_handler,29,post][{'uaid': 3666, 'key_ma': '990ad1b91acb61c7278b18eed7ad2406', 'flag_ma': 1, 'uid': 18, 'email': '99051131@qq.com', 'emailflag': 0, 'account': '2102247404', 'uname': 'Fxcns', 'ma_name': None, 'logo_url': None, 'fx_comment': None}, {'uaid': 3670, 'key_ma': '3a07184bd4b83aec9f27428c1e4d9fd5', 'flag_ma': 1, 'uid': 18, 'email': '99051131@qq.com', 'emailflag': 0, 'account': '2102249469', 'uname': 'Fxcns', 'ma_name': None, 'logo_url': None, 'fx_comment': None}, {'uaid': 3056, 'key_ma': '869dd820b7d642fded2fcb82e079b791', 'flag_ma': 1, 'uid': 18, 'email': '99051131@qq.com', 'emailflag': 0, 'account': '197682', 'uname': 'Fxcns', 'ma_name': None, 'logo_url': None, 'fx_comment': None}, {'uaid': 3806, 'key_ma': '2b5f8ad2da52f0cdd6f37762717067b9', 'flag_ma': 1, 'uid': 18, 'email': '99051131@qq.com', 'emailflag': 0, 'account': '1218591488', 'uname': 'Fxcns', 'ma_name': None, 'logo_url': None, 'fx_comment': None}, {'uaid': 3940, 'key_ma': '3901b44653e08dc8968a5fa6b2bbbe98', 'flag_ma': 0, 'uid': 18, 'email': '99051131@qq.com', 'emailflag': 0, 'account': '2102269291', 'uname': 'Fxcns', 'ma_name': None, 'logo_url': None, 'fx_comment': None}, {'uaid': 3961, 'key_ma': 'a062420739657af297a9fa5a1ee604d5', 'flag_ma': 1, 'uid': 18, 'email': '99051131@qq.com', 'emailflag': 0, 'account': '2102270602', 'uname': 'Fxcns', 'ma_name': None, 'logo_url': None, 'fx_comment': None}, {'uaid': 3966, 'key_ma': '5a0f17013856909b52a28d5adfc05d0e', 'flag_ma': 1, 'uid': 18, 'email': '99051131@qq.com', 'emailflag': 0, 'account': '777026', 'uname': 'Fxcns', 'ma_name': None, 'logo_url': None, 'fx_comment': None}, {'uaid': 3967, 'key_ma': '20aeea719b83ff435534e9bb0fa2e56a', 'flag_ma': 0, 'uid': 18, 'email': '99051131@qq.com', 'emailflag': 0, 'account': '2100030993', 'uname': 'Fxcns', 'ma_name': '测试用0993', 'logo_url': '7f620095b82a9be8572c397627b3dd5b.png', 'fx_comment': None}, {'uaid': 4057, 'key_ma': '2cf3c3a1e71ecab83f91ad7eb00ccc7d', 'flag_ma': 1, 'uid': 18, 'email': '99051131@qq.com', 'emailflag': 0, 'account': '2100032183', 'uname': 'Fxcns', 'ma_name': None, 'logo_url': None, 'fx_comment': ''}, {'uaid': 4080, 'key_ma': '20bad6572c5278fe8f5954ea2da2f5fe', 'flag_ma': 0, 'uid': 18, 'email': '99051131@qq.com', 'emailflag': 0, 'account': '1218629635', 'uname': 'Fxcns', 'ma_name': 'MT4调测策略', 'logo_url': None, 'fx_comment': 'fxcns'}, {'uaid': 4148, 'key_ma': '99582620477f3abd2e530bf5d48366e5', 'flag_ma': 0, 'uid': 18, 'email': '99051131@qq.com', 'emailflag': 0, 'account': '1218631800', 'uname': 'Fxcns', 'ma_name': None, 'logo_url': None, 'fx_comment': None}, {'uaid': 4149, 'key_ma': 'c281bd63f479224abeecc68b500340ad', 'flag_ma': 1, 'uid': 18, 'email': '99051131@qq.com', 'emailflag': 0, 'account': '20905827637677', 'uname': 'Fxcns', 'ma_name': None, 'logo_url': None, 'fx_comment': None}, {'uaid': 4041, 'key_ma': 'a93ba642c47873db56989eaec8cb116a', 'flag_ma': 1, 'uid': 18, 'email': '99051131@qq.com', 'emailflag': 0, 'account': '611159', 'uname': 'Fxcns', 'ma_name': None, 'logo_url': None, 'fx_comment': None}, {'uaid': 4161, 'key_ma': '35de4e0487695d7134bef7dbcc0f922c', 'flag_ma': 1, 'uid': 18, 'email': '99051131@qq.com', 'emailflag': 0, 'account': '5100660', 'uname': 'Fxcns', 'ma_name': None, 'logo_url': None, 'fx_comment': None}, {'uaid': 4516, 'key_ma': '952542a95d75ae405d60420bbb4b8581', 'flag_ma': 0, 'uid': 18, 'email': '99051131@qq.com', 'emailflag': 0, 'account': '6044856', 'uname': 'Fxcns', 'ma_name': 'MT5测试', 'logo_url': None, 'fx_comment': None}, {'uaid': 4501, 'key_ma': 'b2cd5beb37f428d9cacec6886bf9c16e', 'flag_ma': 1, 'uid': 18, 'email': '99051131@qq.com', 'emailflag': 0, 'account': '6044770', 'uname': 'Fxcns', 'ma_name': None, 'logo_url': None, 'fx_comment': None}, {'uaid': 4564, 'key_ma': '54016d2d77d70bab80a252d339e1b713', 'flag_ma': 0, 'uid': 18, 'email': '99051131@qq.com', 'emailflag': 0, 'account': '1218675428', 'uname': 'Fxcns', 'ma_name': None, 'logo_url': None, 'fx_comment': None}, {'uaid': 4578, 'key_ma': '0677ae9ca23ea2e7f2d69e0b7a5be1e1', 'flag_ma': 0, 'uid': 18, 'email': '99051131@qq.com', 'emailflag': 0, 'account': '1218675579', 'uname': 'Fxcns', 'ma_name': None, 'logo_url': None, 'fx_comment': None}, {'uaid': 4696, 'key_ma': '0dbf28b76b92b273f4971769287bc6e0', 'flag_ma': 1, 'uid': 18, 'email': '99051131@qq.com', 'emailflag': 0, 'account': '1218677953', 'uname': 'Fxcns', 'ma_name': 'MT4策略调试', 'logo_url': None, 'fx_comment': None}, {'uaid': 4708, 'key_ma': '5c3b0c5b41ea311a8d58ef90b40833d9', 'flag_ma': 1, 'uid': 18, 'email': '99051131@qq.com', 'emailflag': 0, 'account': '6047088', 'uname': 'Fxcns', 'ma_name': 'MT5调测策略', 'logo_url': None, 'fx_comment': None}, {'uaid': 4870, 'key_ma': 'e44a8cbd006baa01f9388bffe2e2dcea', 'flag_ma': 1, 'uid': 18, 'email': '99051131@qq.com', 'emailflag': 0, 'account': '6051144', 'uname': 'Fxcns', 'ma_name': 'AI策略-11K-3out', 'logo_url': None, 'fx_comment': None}, {'uaid': 4926, 'key_ma': '8ac5d917b5b0f555e5c02c472dcad83f', 'flag_ma': 1, 'uid': 18, 'email': '99051131@qq.com', 'emailflag': 0, 'account': '6051689', 'uname': 'Fxcns', 'ma_name': '  AI策略-11K-3out-9.07', 'logo_url': None, 'fx_comment': None}, {'uaid': 5022, 'key_ma': '012165251487f46057cecf86b759c34c', 'flag_ma': 1, 'uid': 18, 'email': '99051131@qq.com', 'emailflag': 0, 'account': '641751', 'uname': 'Fxcns', 'ma_name': 'AI策略-11K-3out9.07实盘', 'logo_url': None, 'fx_comment': None}, {'uaid': 5120, 'key_ma': 'e0aa78d6fc6fb8fa9e5f8e86c378a036', 'flag_ma': 1, 'uid': 18, 'email': '99051131@qq.com', 'emailflag': 0, 'account': '6055075', 'uname': 'Fxcns', 'ma_name': '  AI策略-11K-3out9.09', 'logo_url': None, 'fx_comment': None}, {'uaid': 5268, 'key_ma': '050ac56c1b7f16ac8793f6459c4cf357', 'flag_ma': 1, 'uid': 18, 'email': '99051131@qq.com', 'emailflag': 0, 'account': '6058412', 'uname': 'Fxcns', 'ma_name': 'AI策略-11K-9.07G_', 'logo_url': None, 'fx_comment': None}, {'uaid': 12034, 'key_ma': '8e09c317d952d12a93da6f9e2bec1623', 'flag_ma': 1, 'uid': 18, 'email': '99051131@qq.com', 'emailflag': 0, 'account': '6059085', 'uname': 'Fxcns', 'ma_name': 'AI策略-11K-3out-9.10-H', 'logo_url': None, 'fx_comment': None}, {'uaid': 12626, 'key_ma': '8e1700c0ce9080f6665cc3c7de3fd740', 'flag_ma': 1, 'uid': 18, 'email': '99051131@qq.com', 'emailflag': 0, 'account': '6080428', 'uname': 'Fxcns', 'ma_name': None, 'logo_url': None, 'fx_comment': None}, {'uaid': 12642, 'key_ma': 'bf3edbe3def06c1301fb44569b65cbda', 'flag_ma': 1, 'uid': 18, 'email': '99051131@qq.com', 'emailflag': 0, 'account': '6081528', 'uname': 'Fxcns', 'ma_name': 'BB202201', 'logo_url': None, 'fx_comment': None}, {'uaid': 12668, 'key_ma': '23f2d6c7d164757c74bb7852bd40c6d6', 'flag_ma': 1, 'uid': 18, 'email': '99051131@qq.com', 'emailflag': 0, 'account': '6081962', 'uname': 'Fxcns', 'ma_name': 'BB202203', 'logo_url': None, 'fx_comment': None}] 
2022-03-11 08:37:32,336 {Main} {DEBUG} [strategy_handler,141,get]{'reponse_status': 5, 'echo': {'out_position_num': 0, 'out_position_profit': 0, 'out_today': 0, 'out_week': 0, 'out_month': 0, 'out_year': 0, 'out_balance': 0, 'out_credit': 0, 'out_quity': 0, 'out_profit': 0, 'out_all': 0, 'out_position_order_num': 0}} 
2022-03-11 08:37:32,352 {Main} {DEBUG} [strategy_handler,141,get]{'reponse_status': 5, 'loging_data': {'expected': 0, 'actual': 0}} 
2022-03-11 08:37:32,362 {Main} {DEBUG} [strategy_handler,141,get]{'reponse_status': 5, 'position_count_data': {'expected': 0, 'actual': 0}} 
2022-03-11 08:37:32,376 {Main} {DEBUG} [strategy_handler,141,get]{'reponse_status': 0, 'echo': None, 'm_echo': None} 
2022-03-11 08:37:45,504 {Main} {DEBUG} [admin_handler,42,get]set:12668 
2022-03-11 08:37:46,087 {Main} {DEBUG} [strategy_handler,141,get]{'reponse_status': 5, 'loging_data': {'expected': 0, 'actual': 0}} 
2022-03-11 08:37:46,110 {Main} {DEBUG} [strategy_handler,141,get]{'reponse_status': 0, 'echo': None, 'm_echo': None} 
2022-03-11 08:37:50,917 {Main} {DEBUG} [master_model,276,getMaterInfo]MaterInfo{'mater_max_num': 105, 'endtime': datetime.datetime(2023, 3, 11, 0, 14, 26), 'position_maxnum': 2000, 'spsl': '1', 'reverse': '1'} 
2022-03-11 08:37:51,904 {Main} {DEBUG} [strategy_handler,141,get]{'reponse_status': 5, 'master_max_num': 105, 'master_count_all': 1, 'master_count_ok': 0} 
2022-03-11 08:40:54,395 {Main} {DEBUG} [strategy_handler,192,chick_seach]true 
2022-03-11 08:40:54,640 {Main} {DEBUG} [strategy_handler,192,chick_seach]true 
2022-03-11 08:40:54,654 {Main} {DEBUG} [strategy_handler,192,chick_seach]true 
2022-03-11 08:41:09,882 {Main} {DEBUG} [strategy_handler,192,chick_seach]true 
2022-03-11 08:41:10,011 {Main} {DEBUG} [strategy_handler,192,chick_seach]true 
2022-03-11 08:41:10,015 {Main} {DEBUG} [strategy_handler,165,post]{'allnum': 5} 
2022-03-11 08:41:10,129 {Main} {DEBUG} [strategy_handler,192,chick_seach]true 
2022-03-11 08:41:10,135 {Main} {DEBUG} [strategy_handler,192,chick_seach]true 
2022-03-11 08:41:39,636 {Main} {DEBUG} [strategy_handler,192,chick_seach]true 
2022-03-11 08:42:11,093 {Main} {DEBUG} [strategy_handler,192,chick_seach]true 
2022-03-11 08:42:11,098 {Main} {DEBUG} [strategy_handler,165,post]{'allnum': 5} 
2022-03-11 08:42:14,110 {Main} {DEBUG} [strategy_handler,192,chick_seach]true 
2022-03-11 08:42:29,073 {Main} {DEBUG} [strategy_handler,192,chick_seach]true 
2022-03-11 08:42:43,134 {Main} {DEBUG} [strategy_redis_handler,45,post]{'reponse_status': 5, 'echo': 1} 
2022-03-11 08:43:12,740 {Main} {DEBUG} [strategy_handler,192,chick_seach]true 
2022-03-11 08:43:12,745 {Main} {DEBUG} [strategy_handler,165,post]{'allnum': 5} 
2022-03-11 08:43:14,223 {Main} {DEBUG} [strategy_redis_handler,45,post]{'reponse_status': 5, 'echo': 1} 
2022-03-11 08:43:44,713 {Main} {DEBUG} [strategy_redis_handler,45,post]{'reponse_status': 5, 'echo': 1} 
2022-03-11 08:44:10,148 {Main} {DEBUG} [strategy_handler,192,chick_seach]true 
2022-03-11 08:44:13,100 {Main} {DEBUG} [strategy_handler,192,chick_seach]true 
2022-03-11 08:44:13,104 {Main} {DEBUG} [strategy_handler,165,post]{'allnum': 5} 
2022-03-11 08:44:15,317 {Main} {DEBUG} [strategy_redis_handler,45,post]{'reponse_status': 5, 'echo': 1} 
2022-03-11 08:44:31,577 {Main} {DEBUG} [strategy_handler,192,chick_seach]true 
2022-03-11 08:45:14,190 {Main} {DEBUG} [strategy_handler,192,chick_seach]true 
2022-03-11 08:45:14,194 {Main} {DEBUG} [strategy_handler,165,post]{'allnum': 5} 
2022-03-11 08:46:02,327 {Main} {DEBUG} [strategy_handler,192,chick_seach]true 
2022-03-11 08:46:15,377 {Main} {DEBUG} [strategy_handler,192,chick_seach]true 
2022-03-11 08:46:15,382 {Main} {DEBUG} [strategy_handler,165,post]{'allnum': 5} 
2022-03-11 08:46:17,305 {Main} {DEBUG} [strategy_handler,192,chick_seach]true 
2022-03-11 08:46:30,246 {Main} {DEBUG} [strategy_handler,192,chick_seach]true 
2022-03-11 08:46:58,088 {Main} {DEBUG} [strategy_redis_handler,45,post]{'reponse_status': 5, 'echo': 1} 
2022-03-11 08:47:58,148 {Main} {DEBUG} [strategy_handler,192,chick_seach]true 
2022-03-11 08:47:58,154 {Main} {DEBUG} [strategy_handler,165,post]{'allnum': 5} 
2022-03-11 08:47:58,498 {Main} {DEBUG} [strategy_handler,192,chick_seach]true 
2022-03-11 08:48:24,247 {Main} {DEBUG} [strategy_handler,192,chick_seach]true 
2022-03-11 08:48:58,069 {Main} {DEBUG} [strategy_redis_handler,45,post]{'reponse_status': 5, 'echo': 1} 
2022-03-11 08:49:58,906 {Main} {DEBUG} [strategy_handler,192,chick_seach]true 
2022-03-11 08:49:58,958 {Main} {DEBUG} [strategy_handler,192,chick_seach]true 
2022-03-11 08:50:58,074 {Main} {DEBUG} [strategy_handler,192,chick_seach]true 
2022-03-11 08:50:58,099 {Main} {DEBUG} [strategy_redis_handler,45,post]{'reponse_status': 5, 'echo': 1} 
2022-03-11 08:51:58,077 {Main} {DEBUG} [strategy_handler,192,chick_seach]true 
2022-03-11 08:51:58,082 {Main} {DEBUG} [strategy_handler,165,post]{'allnum': 5} 
2022-03-11 08:51:58,471 {Main} {DEBUG} [strategy_handler,192,chick_seach]true 
2022-03-11 08:52:58,380 {Main} {DEBUG} [strategy_handler,192,chick_seach]true 
2022-03-11 08:52:58,386 {Main} {DEBUG} [strategy_redis_handler,45,post]{'reponse_status': 5, 'echo': 1} 
2022-03-11 08:53:58,867 {Main} {DEBUG} [strategy_handler,192,chick_seach]true 
2022-03-11 08:53:58,873 {Main} {DEBUG} [strategy_handler,165,post]{'allnum': 5} 
2022-03-11 08:53:58,987 {Main} {DEBUG} [strategy_handler,192,chick_seach]true 
2022-03-11 08:53:59,192 {Main} {DEBUG} [strategy_redis_handler,45,post]{'reponse_status': 5, 'echo': 1} 
2022-03-11 08:54:58,057 {Main} {DEBUG} [strategy_handler,192,chick_seach]true 
2022-03-11 08:54:58,070 {Main} {DEBUG} [strategy_redis_handler,45,post]{'reponse_status': 5, 'echo': 1} 
2022-03-11 08:55:58,514 {Main} {DEBUG} [strategy_handler,192,chick_seach]true 
2022-03-11 08:55:58,565 {Main} {DEBUG} [strategy_redis_handler,45,post]{'reponse_status': 5, 'echo': 1} 
2022-03-11 08:57:10,894 {Main} {DEBUG} [strategy_redis_handler,45,post]{'reponse_status': 5, 'echo': 1} 
2022-03-11 08:57:58,414 {Main} {DEBUG} [strategy_handler,192,chick_seach]true 
2022-03-11 08:57:58,429 {Main} {DEBUG} [strategy_handler,192,chick_seach]true 
2022-03-11 08:58:58,046 {Main} {DEBUG} [strategy_handler,192,chick_seach]true 
2022-03-11 08:58:58,065 {Main} {DEBUG} [strategy_redis_handler,45,post]{'reponse_status': 5, 'echo': 1} 
2022-03-11 08:59:58,902 {Main} {DEBUG} [strategy_handler,192,chick_seach]true 
2022-03-11 08:59:58,936 {Main} {DEBUG} [strategy_handler,192,chick_seach]true 
2022-03-11 08:59:58,942 {Main} {DEBUG} [strategy_redis_handler,45,post]{'reponse_status': 5, 'echo': 1} 
2022-03-11 09:00:58,109 {Main} {DEBUG} [strategy_redis_handler,45,post]{'reponse_status': 5, 'echo': 1} 
2022-03-11 09:01:58,035 {Main} {DEBUG} [strategy_handler,192,chick_seach]true 
2022-03-11 09:01:58,040 {Main} {DEBUG} [strategy_handler,165,post]{'allnum': 6} 
2022-03-11 09:01:58,466 {Main} {DEBUG} [strategy_handler,192,chick_seach]true 
2022-03-11 09:01:58,481 {Main} {DEBUG} [strategy_redis_handler,45,post]{'reponse_status': 5, 'echo': 1} 
2022-03-11 09:02:58,702 {Main} {DEBUG} [strategy_handler,192,chick_seach]true 
2022-03-11 09:02:58,708 {Main} {DEBUG} [strategy_handler,165,post]{'allnum': 6} 
2022-03-11 09:03:58,056 {Main} {DEBUG} [strategy_handler,192,chick_seach]true 
2022-03-11 09:03:58,090 {Main} {DEBUG} [strategy_handler,192,chick_seach]true 
2022-03-11 09:04:58,499 {Main} {DEBUG} [strategy_handler,192,chick_seach]true 
2022-03-11 09:04:58,554 {Main} {DEBUG} [strategy_redis_handler,45,post]{'reponse_status': 5, 'echo': 1} 
2022-03-11 09:05:58,148 {Main} {DEBUG} [strategy_handler,192,chick_seach]true 
2022-03-11 09:06:58,387 {Main} {DEBUG} [strategy_handler,192,chick_seach]true 
2022-03-11 09:06:58,404 {Main} {DEBUG} [strategy_redis_handler,45,post]{'reponse_status': 5, 'echo': 1} 
2022-03-11 09:07:58,052 {Main} {DEBUG} [strategy_handler,192,chick_seach]true 
2022-03-11 09:08:58,473 {Main} {DEBUG} [strategy_handler,192,chick_seach]true 
2022-03-11 09:08:58,479 {Main} {DEBUG} [strategy_handler,165,post]{'allnum': 6} 
2022-03-11 09:08:58,598 {Main} {DEBUG} [strategy_handler,192,chick_seach]true 
2022-03-11 09:08:58,721 {Main} {DEBUG} [strategy_redis_handler,45,post]{'reponse_status': 5, 'echo': 1} 
2022-03-11 09:09:58,055 {Main} {DEBUG} [strategy_handler,192,chick_seach]true 
2022-03-11 09:09:58,071 {Main} {DEBUG} [strategy_handler,192,chick_seach]true 
2022-03-11 09:09:58,079 {Main} {DEBUG} [strategy_redis_handler,45,post]{'reponse_status': 5, 'echo': 1} 
2022-03-11 09:10:58,506 {Main} {DEBUG} [strategy_handler,192,chick_seach]true 
2022-03-11 09:11:58,036 {Main} {DEBUG} [strategy_handler,192,chick_seach]true 
2022-03-11 09:11:58,059 {Main} {DEBUG} [strategy_handler,192,chick_seach]true 
2022-03-11 09:12:58,027 {Main} {DEBUG} [strategy_handler,192,chick_seach]true 
2022-03-11 09:12:58,032 {Main} {DEBUG} [strategy_handler,165,post]{'allnum': 6} 
2022-03-11 09:12:58,362 {Main} {DEBUG} [strategy_handler,192,chick_seach]true 
2022-03-11 09:13:58,179 {Main} {DEBUG} [strategy_handler,192,chick_seach]true 
2022-03-11 09:13:58,198 {Main} {DEBUG} [strategy_redis_handler,45,post]{'reponse_status': 5, 'echo': 1} 
2022-03-11 09:14:58,523 {Main} {DEBUG} [strategy_handler,192,chick_seach]true 
2022-03-11 09:14:58,708 {Main} {DEBUG} [strategy_redis_handler,45,post]{'reponse_status': 5, 'echo': 1} 
2022-03-11 09:15:58,037 {Main} {DEBUG} [strategy_handler,192,chick_seach]true 
2022-03-11 09:15:58,067 {Main} {DEBUG} [strategy_handler,192,chick_seach]true 
2022-03-11 09:15:58,073 {Main} {DEBUG} [strategy_redis_handler,45,post]{'reponse_status': 5, 'echo': 1} 
2022-03-11 09:16:58,554 {Main} {DEBUG} [strategy_redis_handler,45,post]{'reponse_status': 5, 'echo': 1} 
2022-03-11 09:17:58,047 {Main} {DEBUG} [strategy_handler,192,chick_seach]true 
2022-03-11 09:17:58,055 {Main} {DEBUG} [strategy_redis_handler,45,post]{'reponse_status': 5, 'echo': 1} 
2022-03-11 09:18:59,098 {Main} {DEBUG} [strategy_handler,192,chick_seach]true 
2022-03-11 09:19:58,029 {Main} {DEBUG} [strategy_handler,192,chick_seach]true 
2022-03-11 09:19:58,538 {Main} {DEBUG} [strategy_handler,192,chick_seach]true 
2022-03-11 09:19:58,596 {Main} {DEBUG} [strategy_handler,192,chick_seach]true 
2022-03-11 09:20:15,860 {Main} {DEBUG} [strategy_redis_handler,45,post]{'reponse_status': 5, 'echo': 1} 
2022-03-11 09:21:58,458 {Main} {DEBUG} [strategy_handler,192,chick_seach]true 
2022-03-11 09:21:58,477 {Main} {DEBUG} [strategy_handler,192,chick_seach]true 
2022-03-11 09:21:58,481 {Main} {DEBUG} [strategy_redis_handler,45,post]{'reponse_status': 5, 'echo': 1} 
2022-03-11 09:22:58,249 {Main} {DEBUG} [strategy_handler,192,chick_seach]true 
2022-03-11 09:22:58,289 {Main} {DEBUG} [strategy_handler,165,post]{'allnum': 6} 
2022-03-11 09:22:58,609 {Main} {DEBUG} [strategy_handler,192,chick_seach]true 
2022-03-11 09:22:58,633 {Main} {DEBUG} [strategy_redis_handler,45,post]{'reponse_status': 5, 'echo': 1} 
2022-03-11 09:23:58,070 {Main} {DEBUG} [strategy_handler,192,chick_seach]true 
2022-03-11 09:23:58,117 {Main} {DEBUG} [strategy_redis_handler,45,post]{'reponse_status': 5, 'echo': 1} 
2022-03-11 09:25:58,057 {Main} {DEBUG} [strategy_handler,192,chick_seach]true 
2022-03-11 09:25:58,110 {Main} {DEBUG} [strategy_redis_handler,45,post]{'reponse_status': 5, 'echo': 1} 
2022-03-11 09:26:57,740 {Main} {DEBUG} [strategy_handler,192,chick_seach]true 
2022-03-11 09:26:57,745 {Main} {DEBUG} [strategy_handler,165,post]{'allnum': 6} 
2022-03-11 09:26:58,190 {Main} {DEBUG} [strategy_redis_handler,45,post]{'reponse_status': 5, 'echo': 1} 
2022-03-11 09:27:10,067 {Main} {DEBUG} [strategy_handler,192,chick_seach]true 
2022-03-11 09:27:17,283 {Main} {DEBUG} [strategy_handler,192,chick_seach]true 
2022-03-11 09:27:58,229 {Main} {DEBUG} [strategy_handler,192,chick_seach]true 
2022-03-11 09:27:58,233 {Main} {DEBUG} [strategy_handler,165,post]{'allnum': 6} 
2022-03-11 09:28:05,072 {Main} {DEBUG} [strategy_handler,192,chick_seach]true 
2022-03-11 09:28:22,374 {Main} {DEBUG} [strategy_handler,192,chick_seach]true 
2022-03-11 09:28:58,059 {Main} {DEBUG} [strategy_handler,192,chick_seach]true 
2022-03-11 09:29:08,734 {Main} {DEBUG} [strategy_handler,192,chick_seach]true 
2022-03-11 09:29:30,345 {Main} {DEBUG} [strategy_redis_handler,45,post]{'reponse_status': 5, 'echo': 1} 
2022-03-11 09:29:34,494 {Main} {DEBUG} [strategy_handler,192,chick_seach]true 
2022-03-11 09:30:01,216 {Main} {DEBUG} [strategy_redis_handler,45,post]{'reponse_status': 5, 'echo': 1} 
2022-03-11 09:30:12,403 {Main} {DEBUG} [strategy_handler,192,chick_seach]true 
2022-03-11 09:30:21,844 {Main} {DEBUG} [strategy_handler,192,chick_seach]true 
2022-03-11 09:30:32,053 {Main} {DEBUG} [strategy_redis_handler,45,post]{'reponse_status': 5, 'echo': 1} 
2022-03-11 09:30:46,556 {Main} {DEBUG} [strategy_handler,192,chick_seach]true 
2022-03-11 09:31:02,051 {Main} {DEBUG} [strategy_redis_handler,45,post]{'reponse_status': 5, 'echo': 1} 
2022-03-11 09:31:14,522 {Main} {DEBUG} [strategy_handler,192,chick_seach]true 
2022-03-11 09:31:25,525 {Main} {DEBUG} [strategy_handler,192,chick_seach]true 
2022-03-11 09:32:03,132 {Main} {DEBUG} [strategy_handler,192,chick_seach]true 
2022-03-11 09:32:03,259 {Main} {DEBUG} [strategy_redis_handler,45,post]{'reponse_status': 5, 'echo': 1} 
2022-03-11 09:32:19,225 {Main} {DEBUG} [strategy_handler,192,chick_seach]true 
2022-03-11 09:32:33,350 {Main} {DEBUG} [strategy_handler,192,chick_seach]true 
2022-03-11 09:33:03,705 {Main} {DEBUG} [strategy_redis_handler,45,post]{'reponse_status': 5, 'echo': 1} 
2022-03-11 09:33:11,569 {Main} {DEBUG} [strategy_handler,192,chick_seach]true 
2022-03-11 09:33:22,576 {Main} {DEBUG} [strategy_handler,192,chick_seach]true 
2022-03-11 09:33:38,227 {Main} {DEBUG} [strategy_handler,192,chick_seach]true 
2022-03-11 09:34:26,408 {Main} {DEBUG} [strategy_handler,192,chick_seach]true 
2022-03-11 10:10:22,327 {Main} {DEBUG} [strategy_handler,192,chick_seach]true 
2022-03-11 10:10:35,895 {Main} {DEBUG} [strategy_handler,192,chick_seach]true 
2022-03-11 10:10:43,557 {Main} {DEBUG} [strategy_redis_handler,45,post]{'reponse_status': 5, 'echo': 1} 
2022-03-11 10:10:47,132 {Main} {DEBUG} [strategy_handler,192,chick_seach]true 
2022-03-11 10:11:07,613 {Main} {DEBUG} [strategy_handler,192,chick_seach]true 
2022-03-11 10:11:14,306 {Main} {DEBUG} [strategy_handler,192,chick_seach]true 
2022-03-11 10:11:30,702 {Main} {INFO} [mysqlopen,16,__init__]Connect MySql Ok 
2022-03-11 10:11:30,705 {Main} {INFO} [mysqlopen,23,__del__]Close MySql 
2022-03-11 10:11:44,512 {Main} {DEBUG} [strategy_redis_handler,45,post]{'reponse_status': 5, 'echo': 1} 
2022-03-11 10:11:54,762 {Main} {DEBUG} [strategy_handler,192,chick_seach]true 
2022-03-11 10:12:24,939 {Main} {DEBUG} [strategy_redis_handler,45,post]{'reponse_status': 5, 'echo': 1} 
