2023-12-06 00:00:11,737 {Main} {DEBUG} [strategy_handler,141,get]{'reponse_status': 0, 'symbol_list': None, 'num_list': None} 
2023-12-06 00:00:12,050 {Main} {DEBUG} [strategy_handler,141,get]{'reponse_status': 5, 'echo': [{'account': '6132042', 'position_ratio': 0.0}, {'account': '641182', 'position_ratio': 0.0}, {'account': '1218863982', 'position_ratio': 0.0}], 'm_echo': {'ma_margin': 0.0, 'quity': 103295.19}} 
2023-12-06 00:00:12,060 {Main} {DEBUG} [strategy_handler,141,get]{'reponse_status': 5, 'position_count_data': {'expected': 0, 'actual': 0}} 
2023-12-06 00:00:12,662 {Main} {DEBUG} [strategy_handler,141,get]{'reponse_status': 5, 'echo': {'out_position_num': 0, 'out_position_profit': 0, 'out_today': 0, 'out_week': -0.27, 'out_month': -0.27, 'out_year': 371.62, 'out_balance': 110474.87000000001, 'out_credit': 0.0, 'out_quity': 110474.87000000001, 'out_profit': 0.0, 'out_all': -770.1300000000023, 'out_position_order_num': 0}} 
2023-12-06 00:01:14,805 {Main} {DEBUG} [strategy_handler,141,get]{'reponse_status': 0, 'symbol_list': None, 'num_list': None} 
2023-12-06 00:01:15,116 {Main} {DEBUG} [strategy_handler,141,get]{'reponse_status': 5, 'loging_data': {'expected': 4, 'actual': 0}} 
2023-12-06 00:01:15,124 {Main} {DEBUG} [strategy_handler,141,get]{'reponse_status': 5, 'echo': [{'account': '1218863982', 'position_ratio': 0.0}, {'account': '6132042', 'position_ratio': 0.0}, {'account': '641182', 'position_ratio': 0.0}], 'm_echo': {'ma_margin': 0.0, 'quity': 103295.19}} 
2023-12-06 00:01:15,128 {Main} {DEBUG} [strategy_handler,141,get]{'reponse_status': 5, 'position_count_data': {'expected': 0, 'actual': 0}} 
2023-12-06 00:01:15,738 {Main} {DEBUG} [strategy_handler,141,get]{'reponse_status': 5, 'echo': {'out_position_num': 0, 'out_position_profit': 0, 'out_today': 0, 'out_week': -0.27, 'out_month': -0.27, 'out_year': 371.62, 'out_balance': 110474.87000000001, 'out_credit': 0.0, 'out_quity': 110474.87000000001, 'out_profit': 0.0, 'out_all': -770.1300000000023, 'out_position_order_num': 0}} 
2023-12-06 00:02:11,356 {Main} {DEBUG} [strategy_handler,141,get]{'reponse_status': 0, 'symbol_list': None, 'num_list': None} 
2023-12-06 00:02:11,673 {Main} {DEBUG} [strategy_handler,141,get]{'reponse_status': 5, 'echo': [{'account': '1218863982', 'position_ratio': 0.0}, {'account': '6132042', 'position_ratio': 0.0}, {'account': '641182', 'position_ratio': 0.0}], 'm_echo': {'ma_margin': 0.0, 'quity': 103295.19}} 
2023-12-06 00:02:11,680 {Main} {DEBUG} [strategy_handler,141,get]{'reponse_status': 5, 'position_count_data': {'expected': 0, 'actual': 0}} 
2023-12-06 00:02:12,289 {Main} {DEBUG} [strategy_handler,141,get]{'reponse_status': 5, 'echo': {'out_position_num': 0, 'out_position_profit': 0, 'out_today': 0, 'out_week': -0.27, 'out_month': -0.27, 'out_year': 371.62, 'out_balance': 110474.87000000001, 'out_credit': 0.0, 'out_quity': 110474.87000000001, 'out_profit': 0.0, 'out_all': -770.1300000000023, 'out_position_order_num': 0}} 
2023-12-06 00:03:17,618 {Main} {DEBUG} [strategy_handler,141,get]{'reponse_status': 0, 'symbol_list': None, 'num_list': None} 
2023-12-06 00:03:17,927 {Main} {DEBUG} [strategy_handler,141,get]{'reponse_status': 5, 'echo': [{'account': '1218863982', 'position_ratio': 0.0}, {'account': '6132042', 'position_ratio': 0.0}, {'account': '641182', 'position_ratio': 0.0}], 'm_echo': {'ma_margin': 0.0, 'quity': 103295.19}} 
2023-12-06 00:03:17,941 {Main} {DEBUG} [strategy_handler,141,get]{'reponse_status': 5, 'loging_data': {'expected': 4, 'actual': 0}} 
2023-12-06 00:03:17,953 {Main} {DEBUG} [strategy_handler,141,get]{'reponse_status': 5, 'position_count_data': {'expected': 0, 'actual': 0}} 
2023-12-06 00:03:18,552 {Main} {DEBUG} [strategy_handler,141,get]{'reponse_status': 5, 'echo': {'out_position_num': 0, 'out_position_profit': 0, 'out_today': 0, 'out_week': -0.27, 'out_month': -0.27, 'out_year': 371.62, 'out_balance': 110474.87000000001, 'out_credit': 0.0, 'out_quity': 110474.87000000001, 'out_profit': 0.0, 'out_all': -770.1300000000023, 'out_position_order_num': 0}} 
2023-12-06 00:04:07,139 {Main} {DEBUG} [strategy_handler,141,get]{'reponse_status': 0, 'symbol_list': None, 'num_list': None} 
2023-12-06 00:04:07,453 {Main} {DEBUG} [strategy_handler,141,get]{'reponse_status': 5, 'echo': [{'account': '1218863982', 'position_ratio': 0.0}, {'account': '6132042', 'position_ratio': 0.0}, {'account': '641182', 'position_ratio': 0.0}], 'm_echo': {'ma_margin': 0.0, 'quity': 103295.19}} 
2023-12-06 00:04:07,847 {Main} {DEBUG} [strategy_handler,141,get]{'reponse_status': 5, 'position_count_data': {'expected': 0, 'actual': 0}} 
2023-12-06 00:04:08,048 {Main} {DEBUG} [strategy_handler,141,get]{'reponse_status': 5, 'echo': {'out_position_num': 0, 'out_position_profit': 0, 'out_today': 0, 'out_week': -0.27, 'out_month': -0.27, 'out_year': 371.62, 'out_balance': 110474.87000000001, 'out_credit': 0.0, 'out_quity': 110474.87000000001, 'out_profit': 0.0, 'out_all': -770.1300000000023, 'out_position_order_num': 0}} 
2023-12-06 00:05:15,189 {Main} {DEBUG} [strategy_handler,141,get]{'reponse_status': 0, 'symbol_list': None, 'num_list': None} 
2023-12-06 00:05:15,521 {Main} {DEBUG} [strategy_handler,141,get]{'reponse_status': 5, 'echo': [{'account': '6132042', 'position_ratio': 0.0}, {'account': '641182', 'position_ratio': 0.0}, {'account': '1218863982', 'position_ratio': 0.0}], 'm_echo': {'ma_margin': 0.0, 'quity': 103295.19}} 
2023-12-06 00:05:15,902 {Main} {DEBUG} [strategy_handler,141,get]{'reponse_status': 5, 'position_count_data': {'expected': 0, 'actual': 0}} 
2023-12-06 00:05:15,904 {Main} {DEBUG} [strategy_handler,141,get]{'reponse_status': 5, 'loging_data': {'expected': 4, 'actual': 0}} 
2023-12-06 00:05:16,158 {Main} {DEBUG} [strategy_handler,141,get]{'reponse_status': 5, 'echo': {'out_position_num': 0, 'out_position_profit': 0, 'out_today': 0, 'out_week': -0.27, 'out_month': -0.27, 'out_year': 371.62, 'out_balance': 110474.87000000001, 'out_credit': 0.0, 'out_quity': 110474.87000000001, 'out_profit': 0.0, 'out_all': -770.1300000000023, 'out_position_order_num': 0}} 
2023-12-06 00:06:09,247 {Main} {DEBUG} [strategy_handler,141,get]{'reponse_status': 0, 'symbol_list': None, 'num_list': None} 
2023-12-06 00:06:09,562 {Main} {DEBUG} [strategy_handler,141,get]{'reponse_status': 5, 'echo': [{'account': '6132042', 'position_ratio': 0.0}, {'account': '641182', 'position_ratio': 0.0}, {'account': '1218863982', 'position_ratio': 0.0}], 'm_echo': {'ma_margin': 0.0, 'quity': 103295.19}} 
2023-12-06 00:06:09,577 {Main} {DEBUG} [strategy_handler,141,get]{'reponse_status': 5, 'position_count_data': {'expected': 0, 'actual': 0}} 
2023-12-06 00:06:10,163 {Main} {DEBUG} [strategy_handler,141,get]{'reponse_status': 5, 'echo': {'out_position_num': 0, 'out_position_profit': 0, 'out_today': 0, 'out_week': -0.27, 'out_month': -0.27, 'out_year': 371.62, 'out_balance': 110474.87000000001, 'out_credit': 0.0, 'out_quity': 110474.87000000001, 'out_profit': 0.0, 'out_all': -770.1300000000023, 'out_position_order_num': 0}} 
2023-12-06 00:07:12,993 {Main} {DEBUG} [strategy_handler,141,get]{'reponse_status': 0, 'symbol_list': None, 'num_list': None} 
2023-12-06 00:07:13,309 {Main} {DEBUG} [strategy_handler,141,get]{'reponse_status': 5, 'loging_data': {'expected': 4, 'actual': 0}} 
2023-12-06 00:07:13,311 {Main} {DEBUG} [strategy_handler,141,get]{'reponse_status': 5, 'echo': [{'account': '6132042', 'position_ratio': 0.0}, {'account': '641182', 'position_ratio': 0.0}, {'account': '1218863982', 'position_ratio': 0.0}], 'm_echo': {'ma_margin': 0.0, 'quity': 103295.19}} 
2023-12-06 00:07:13,321 {Main} {DEBUG} [strategy_handler,141,get]{'reponse_status': 5, 'position_count_data': {'expected': 0, 'actual': 0}} 
2023-12-06 00:07:13,919 {Main} {DEBUG} [strategy_handler,141,get]{'reponse_status': 5, 'echo': {'out_position_num': 0, 'out_position_profit': 0, 'out_today': 0, 'out_week': -0.27, 'out_month': -0.27, 'out_year': 371.62, 'out_balance': 110474.87000000001, 'out_credit': 0.0, 'out_quity': 110474.87000000001, 'out_profit': 0.0, 'out_all': -770.1300000000023, 'out_position_order_num': 0}} 
2023-12-06 00:08:10,622 {Main} {DEBUG} [strategy_handler,141,get]{'reponse_status': 0, 'symbol_list': None, 'num_list': None} 
2023-12-06 00:08:10,950 {Main} {DEBUG} [strategy_handler,141,get]{'reponse_status': 5, 'position_count_data': {'expected': 0, 'actual': 0}} 
2023-12-06 00:08:11,243 {Main} {DEBUG} [strategy_handler,141,get]{'reponse_status': 5, 'echo': {'out_position_num': 0, 'out_position_profit': 0, 'out_today': 0, 'out_week': -0.27, 'out_month': -0.27, 'out_year': 371.62, 'out_balance': 110474.87000000001, 'out_credit': 0.0, 'out_quity': 110474.87000000001, 'out_profit': 0.0, 'out_all': -770.1300000000023, 'out_position_order_num': 0}} 
2023-12-06 00:08:11,996 {Main} {DEBUG} [strategy_handler,141,get]{'reponse_status': 5, 'echo': [{'account': '6132042', 'position_ratio': 0.0}, {'account': '641182', 'position_ratio': 0.0}, {'account': '1218863982', 'position_ratio': 0.0}], 'm_echo': {'ma_margin': 0.0, 'quity': 103295.19}} 
2023-12-06 00:09:12,807 {Main} {DEBUG} [strategy_handler,141,get]{'reponse_status': 0, 'symbol_list': None, 'num_list': None} 
2023-12-06 00:09:13,118 {Main} {DEBUG} [strategy_handler,141,get]{'reponse_status': 5, 'echo': [{'account': '1218863982', 'position_ratio': 0.0}, {'account': '6132042', 'position_ratio': 0.0}, {'account': '641182', 'position_ratio': 0.0}], 'm_echo': {'ma_margin': 0.0, 'quity': 103295.19}} 
2023-12-06 00:09:13,123 {Main} {DEBUG} [strategy_handler,141,get]{'reponse_status': 5, 'loging_data': {'expected': 4, 'actual': 0}} 
2023-12-06 00:09:13,165 {Main} {DEBUG} [strategy_handler,141,get]{'reponse_status': 5, 'position_count_data': {'expected': 0, 'actual': 0}} 
2023-12-06 00:09:14,152 {Main} {DEBUG} [strategy_handler,141,get]{'reponse_status': 5, 'echo': {'out_position_num': 0, 'out_position_profit': 0, 'out_today': 0, 'out_week': -0.27, 'out_month': -0.27, 'out_year': 371.62, 'out_balance': 110474.87000000001, 'out_credit': 0.0, 'out_quity': 110474.87000000001, 'out_profit': 0.0, 'out_all': -770.1300000000023, 'out_position_order_num': 0}} 
2023-12-06 00:10:10,335 {Main} {DEBUG} [strategy_handler,141,get]{'reponse_status': 0, 'symbol_list': None, 'num_list': None} 
2023-12-06 00:10:10,648 {Main} {DEBUG} [strategy_handler,141,get]{'reponse_status': 5, 'echo': [{'account': '6132042', 'position_ratio': 0.0}, {'account': '641182', 'position_ratio': 0.0}, {'account': '1218863982', 'position_ratio': 0.0}], 'm_echo': {'ma_margin': 0.0, 'quity': 103295.19}} 
2023-12-06 00:10:10,674 {Main} {DEBUG} [strategy_handler,141,get]{'reponse_status': 5, 'position_count_data': {'expected': 0, 'actual': 0}} 
2023-12-06 00:10:11,254 {Main} {DEBUG} [strategy_handler,141,get]{'reponse_status': 5, 'echo': {'out_position_num': 0, 'out_position_profit': 0, 'out_today': 0, 'out_week': -0.27, 'out_month': -0.27, 'out_year': 371.62, 'out_balance': 110474.87000000001, 'out_credit': 0.0, 'out_quity': 110474.87000000001, 'out_profit': 0.0, 'out_all': -770.1300000000023, 'out_position_order_num': 0}} 
2023-12-06 00:11:14,496 {Main} {DEBUG} [strategy_handler,141,get]{'reponse_status': 0, 'symbol_list': None, 'num_list': None} 
2023-12-06 00:11:14,813 {Main} {DEBUG} [strategy_handler,141,get]{'reponse_status': 5, 'loging_data': {'expected': 4, 'actual': 0}} 
2023-12-06 00:11:14,821 {Main} {DEBUG} [strategy_handler,141,get]{'reponse_status': 5, 'echo': [{'account': '6132042', 'position_ratio': 0.0}, {'account': '641182', 'position_ratio': 0.0}, {'account': '1218863982', 'position_ratio': 0.0}], 'm_echo': {'ma_margin': 0.0, 'quity': 103295.19}} 
2023-12-06 00:11:14,826 {Main} {DEBUG} [strategy_handler,141,get]{'reponse_status': 5, 'position_count_data': {'expected': 0, 'actual': 0}} 
2023-12-06 00:11:15,472 {Main} {DEBUG} [strategy_handler,141,get]{'reponse_status': 5, 'echo': {'out_position_num': 0, 'out_position_profit': 0, 'out_today': 0, 'out_week': -0.27, 'out_month': -0.27, 'out_year': 371.62, 'out_balance': 110474.87000000001, 'out_credit': 0.0, 'out_quity': 110474.87000000001, 'out_profit': 0.0, 'out_all': -770.1300000000023, 'out_position_order_num': 0}} 
2023-12-06 00:12:08,303 {Main} {DEBUG} [strategy_handler,141,get]{'reponse_status': 0, 'symbol_list': None, 'num_list': None} 
2023-12-06 00:12:08,613 {Main} {DEBUG} [strategy_handler,141,get]{'reponse_status': 5, 'echo': [{'account': '6132042', 'position_ratio': 0.0}, {'account': '641182', 'position_ratio': 0.0}, {'account': '1218863982', 'position_ratio': 0.0}], 'm_echo': {'ma_margin': 0.0, 'quity': 103295.19}} 
2023-12-06 00:12:08,626 {Main} {DEBUG} [strategy_handler,141,get]{'reponse_status': 5, 'position_count_data': {'expected': 0, 'actual': 0}} 
2023-12-06 00:12:09,257 {Main} {DEBUG} [strategy_handler,141,get]{'reponse_status': 5, 'echo': {'out_position_num': 0, 'out_position_profit': 0, 'out_today': 0, 'out_week': -0.27, 'out_month': -0.27, 'out_year': 371.62, 'out_balance': 110474.87000000001, 'out_credit': 0.0, 'out_quity': 110474.87000000001, 'out_profit': 0.0, 'out_all': -770.1300000000023, 'out_position_order_num': 0}} 
2023-12-06 00:13:17,554 {Main} {DEBUG} [strategy_handler,141,get]{'reponse_status': 0, 'symbol_list': None, 'num_list': None} 
2023-12-06 00:13:17,866 {Main} {DEBUG} [strategy_handler,141,get]{'reponse_status': 5, 'loging_data': {'expected': 4, 'actual': 0}} 
2023-12-06 00:13:17,871 {Main} {DEBUG} [strategy_handler,141,get]{'reponse_status': 5, 'echo': [{'account': '1218863982', 'position_ratio': 0.0}, {'account': '6132042', 'position_ratio': 0.0}, {'account': '641182', 'position_ratio': 0.0}], 'm_echo': {'ma_margin': 0.0, 'quity': 103295.19}} 
2023-12-06 00:13:17,876 {Main} {DEBUG} [strategy_handler,141,get]{'reponse_status': 5, 'position_count_data': {'expected': 0, 'actual': 0}} 
2023-12-06 00:13:18,491 {Main} {DEBUG} [strategy_handler,141,get]{'reponse_status': 5, 'echo': {'out_position_num': 0, 'out_position_profit': 0, 'out_today': 0, 'out_week': -0.27, 'out_month': -0.27, 'out_year': 371.62, 'out_balance': 110474.87000000001, 'out_credit': 0.0, 'out_quity': 110474.87000000001, 'out_profit': 0.0, 'out_all': -770.1300000000023, 'out_position_order_num': 0}} 
2023-12-06 00:14:06,556 {Main} {DEBUG} [strategy_handler,141,get]{'reponse_status': 0, 'symbol_list': None, 'num_list': None} 
2023-12-06 00:14:06,872 {Main} {DEBUG} [strategy_handler,141,get]{'reponse_status': 5, 'echo': [{'account': '1218863982', 'position_ratio': 0.0}, {'account': '6132042', 'position_ratio': 0.0}, {'account': '641182', 'position_ratio': 0.0}], 'm_echo': {'ma_margin': 0.0, 'quity': 103295.19}} 
2023-12-06 00:14:06,879 {Main} {DEBUG} [strategy_handler,141,get]{'reponse_status': 5, 'position_count_data': {'expected': 0, 'actual': 0}} 
2023-12-06 00:14:07,493 {Main} {DEBUG} [strategy_handler,141,get]{'reponse_status': 5, 'echo': {'out_position_num': 0, 'out_position_profit': 0, 'out_today': 0, 'out_week': -0.27, 'out_month': -0.27, 'out_year': 371.62, 'out_balance': 110474.87000000001, 'out_credit': 0.0, 'out_quity': 110474.87000000001, 'out_profit': 0.0, 'out_all': -770.1300000000023, 'out_position_order_num': 0}} 
2023-12-06 00:15:14,167 {Main} {DEBUG} [strategy_handler,141,get]{'reponse_status': 0, 'symbol_list': None, 'num_list': None} 
2023-12-06 00:15:14,476 {Main} {DEBUG} [strategy_handler,141,get]{'reponse_status': 5, 'echo': [{'account': '1218863982', 'position_ratio': 0.0}, {'account': '6132042', 'position_ratio': 0.0}, {'account': '641182', 'position_ratio': 0.0}], 'm_echo': {'ma_margin': 0.0, 'quity': 103295.19}} 
2023-12-06 00:15:14,527 {Main} {DEBUG} [strategy_handler,141,get]{'reponse_status': 5, 'loging_data': {'expected': 4, 'actual': 0}} 
2023-12-06 00:15:14,553 {Main} {DEBUG} [strategy_handler,141,get]{'reponse_status': 5, 'position_count_data': {'expected': 0, 'actual': 0}} 
2023-12-06 00:15:15,098 {Main} {DEBUG} [strategy_handler,141,get]{'reponse_status': 5, 'echo': {'out_position_num': 0, 'out_position_profit': 0, 'out_today': 0, 'out_week': -0.27, 'out_month': -0.27, 'out_year': 371.62, 'out_balance': 110474.87000000001, 'out_credit': 0.0, 'out_quity': 110474.87000000001, 'out_profit': 0.0, 'out_all': -770.1300000000023, 'out_position_order_num': 0}} 
2023-12-06 00:16:06,146 {Main} {DEBUG} [strategy_handler,141,get]{'reponse_status': 0, 'symbol_list': None, 'num_list': None} 
2023-12-06 00:16:06,470 {Main} {DEBUG} [strategy_handler,141,get]{'reponse_status': 5, 'position_count_data': {'expected': 0, 'actual': 0}} 
2023-12-06 00:16:06,472 {Main} {DEBUG} [strategy_handler,141,get]{'reponse_status': 5, 'echo': [{'account': '1218863982', 'position_ratio': 0.0}, {'account': '6132042', 'position_ratio': 0.0}, {'account': '641182', 'position_ratio': 0.0}], 'm_echo': {'ma_margin': 0.0, 'quity': 103295.19}} 
2023-12-06 00:16:07,072 {Main} {DEBUG} [strategy_handler,141,get]{'reponse_status': 5, 'echo': {'out_position_num': 0, 'out_position_profit': 0, 'out_today': 0, 'out_week': -0.27, 'out_month': -0.27, 'out_year': 371.62, 'out_balance': 110474.87000000001, 'out_credit': 0.0, 'out_quity': 110474.87000000001, 'out_profit': 0.0, 'out_all': -770.1300000000023, 'out_position_order_num': 0}} 
2023-12-06 00:17:15,416 {Main} {DEBUG} [strategy_handler,141,get]{'reponse_status': 0, 'symbol_list': None, 'num_list': None} 
2023-12-06 00:17:15,731 {Main} {DEBUG} [strategy_handler,141,get]{'reponse_status': 5, 'loging_data': {'expected': 4, 'actual': 0}} 
2023-12-06 00:17:15,746 {Main} {DEBUG} [strategy_handler,141,get]{'reponse_status': 5, 'position_count_data': {'expected': 0, 'actual': 0}} 
2023-12-06 00:17:16,027 {Main} {DEBUG} [strategy_handler,141,get]{'reponse_status': 5, 'echo': [{'account': '6132042', 'position_ratio': 0.0}, {'account': '641182', 'position_ratio': 0.0}, {'account': '1218863982', 'position_ratio': 0.0}], 'm_echo': {'ma_margin': 0.0, 'quity': 103295.19}} 
2023-12-06 00:17:16,064 {Main} {DEBUG} [strategy_handler,141,get]{'reponse_status': 5, 'echo': {'out_position_num': 0, 'out_position_profit': 0, 'out_today': 0, 'out_week': -0.27, 'out_month': -0.27, 'out_year': 371.62, 'out_balance': 110474.87000000001, 'out_credit': 0.0, 'out_quity': 110474.87000000001, 'out_profit': 0.0, 'out_all': -770.1300000000023, 'out_position_order_num': 0}} 
2023-12-06 00:18:05,500 {Main} {DEBUG} [strategy_handler,141,get]{'reponse_status': 0, 'symbol_list': None, 'num_list': None} 
2023-12-06 00:18:05,816 {Main} {DEBUG} [strategy_handler,141,get]{'reponse_status': 5, 'echo': [{'account': '6132042', 'position_ratio': 0.0}, {'account': '641182', 'position_ratio': 0.0}, {'account': '1218863982', 'position_ratio': 0.0}], 'm_echo': {'ma_margin': 0.0, 'quity': 103295.19}} 
2023-12-06 00:18:06,128 {Main} {DEBUG} [strategy_handler,141,get]{'reponse_status': 5, 'echo': {'out_position_num': 0, 'out_position_profit': 0, 'out_today': 0, 'out_week': -0.27, 'out_month': -0.27, 'out_year': 371.62, 'out_balance': 110474.87000000001, 'out_credit': 0.0, 'out_quity': 110474.87000000001, 'out_profit': 0.0, 'out_all': -770.1300000000023, 'out_position_order_num': 0}} 
2023-12-06 00:18:06,134 {Main} {DEBUG} [strategy_handler,141,get]{'reponse_status': 5, 'position_count_data': {'expected': 0, 'actual': 0}} 
2023-12-06 00:19:16,861 {Main} {DEBUG} [strategy_handler,141,get]{'reponse_status': 0, 'symbol_list': None, 'num_list': None} 
2023-12-06 00:19:16,889 {Main} {DEBUG} [strategy_handler,141,get]{'reponse_status': 5, 'echo': [{'account': '6132042', 'position_ratio': 0.0}, {'account': '641182', 'position_ratio': 0.0}, {'account': '1218863982', 'position_ratio': 0.0}], 'm_echo': {'ma_margin': 0.0, 'quity': 103295.19}} 
2023-12-06 00:19:16,915 {Main} {DEBUG} [strategy_handler,141,get]{'reponse_status': 5, 'position_count_data': {'expected': 0, 'actual': 0}} 
2023-12-06 00:19:16,942 {Main} {DEBUG} [strategy_handler,141,get]{'reponse_status': 5, 'loging_data': {'expected': 4, 'actual': 0}} 
2023-12-06 00:19:17,256 {Main} {DEBUG} [strategy_handler,141,get]{'reponse_status': 5, 'echo': {'out_position_num': 0, 'out_position_profit': 0, 'out_today': 0, 'out_week': -0.27, 'out_month': -0.27, 'out_year': 371.62, 'out_balance': 110474.87000000001, 'out_credit': 0.0, 'out_quity': 110474.87000000001, 'out_profit': 0.0, 'out_all': -770.1300000000023, 'out_position_order_num': 0}} 
2023-12-06 00:20:04,555 {Main} {DEBUG} [strategy_handler,141,get]{'reponse_status': 0, 'symbol_list': None, 'num_list': None} 
2023-12-06 00:20:04,866 {Main} {DEBUG} [strategy_handler,141,get]{'reponse_status': 5, 'echo': [{'account': '6132042', 'position_ratio': 0.0}, {'account': '641182', 'position_ratio': 0.0}, {'account': '1218863982', 'position_ratio': 0.0}], 'm_echo': {'ma_margin': 0.0, 'quity': 103295.19}} 
2023-12-06 00:20:04,879 {Main} {DEBUG} [strategy_handler,141,get]{'reponse_status': 5, 'position_count_data': {'expected': 0, 'actual': 0}} 
2023-12-06 00:20:05,500 {Main} {DEBUG} [strategy_handler,141,get]{'reponse_status': 5, 'echo': {'out_position_num': 0, 'out_position_profit': 0, 'out_today': 0, 'out_week': -0.27, 'out_month': -0.27, 'out_year': 371.62, 'out_balance': 110474.87000000001, 'out_credit': 0.0, 'out_quity': 110474.87000000001, 'out_profit': 0.0, 'out_all': -770.1300000000023, 'out_position_order_num': 0}} 
2023-12-06 00:21:12,608 {Main} {DEBUG} [strategy_handler,141,get]{'reponse_status': 0, 'symbol_list': None, 'num_list': None} 
2023-12-06 00:21:12,923 {Main} {DEBUG} [strategy_handler,141,get]{'reponse_status': 5, 'loging_data': {'expected': 4, 'actual': 0}} 
2023-12-06 00:21:12,948 {Main} {DEBUG} [strategy_handler,141,get]{'reponse_status': 5, 'position_count_data': {'expected': 0, 'actual': 0}} 
2023-12-06 00:21:13,209 {Main} {DEBUG} [strategy_handler,141,get]{'reponse_status': 5, 'echo': [{'account': '1218863982', 'position_ratio': 0.0}, {'account': '6132042', 'position_ratio': 0.0}, {'account': '641182', 'position_ratio': 0.0}], 'm_echo': {'ma_margin': 0.0, 'quity': 103295.19}} 
2023-12-06 00:21:13,263 {Main} {DEBUG} [strategy_handler,141,get]{'reponse_status': 5, 'echo': {'out_position_num': 0, 'out_position_profit': 0, 'out_today': 0, 'out_week': -0.27, 'out_month': -0.27, 'out_year': 371.62, 'out_balance': 110474.87000000001, 'out_credit': 0.0, 'out_quity': 110474.87000000001, 'out_profit': 0.0, 'out_all': -770.1300000000023, 'out_position_order_num': 0}} 
2023-12-06 00:22:04,943 {Main} {DEBUG} [strategy_handler,141,get]{'reponse_status': 0, 'symbol_list': None, 'num_list': None} 
2023-12-06 00:22:05,264 {Main} {DEBUG} [strategy_handler,141,get]{'reponse_status': 5, 'position_count_data': {'expected': 0, 'actual': 0}} 
2023-12-06 00:22:05,660 {Main} {DEBUG} [strategy_handler,141,get]{'reponse_status': 5, 'echo': [{'account': '1218863982', 'position_ratio': 0.0}, {'account': '6132042', 'position_ratio': 0.0}, {'account': '641182', 'position_ratio': 0.0}], 'm_echo': {'ma_margin': 0.0, 'quity': 103295.19}} 
2023-12-06 00:22:06,281 {Main} {DEBUG} [strategy_handler,141,get]{'reponse_status': 5, 'echo': {'out_position_num': 0, 'out_position_profit': 0, 'out_today': 0, 'out_week': -0.27, 'out_month': -0.27, 'out_year': 371.62, 'out_balance': 110474.87000000001, 'out_credit': 0.0, 'out_quity': 110474.87000000001, 'out_profit': 0.0, 'out_all': -770.1300000000023, 'out_position_order_num': 0}} 
2023-12-06 00:23:15,462 {Main} {DEBUG} [strategy_handler,141,get]{'reponse_status': 0, 'symbol_list': None, 'num_list': None} 
2023-12-06 00:23:15,773 {Main} {DEBUG} [strategy_handler,141,get]{'reponse_status': 5, 'echo': [{'account': '1218863982', 'position_ratio': 0.0}, {'account': '6132042', 'position_ratio': 0.0}, {'account': '641182', 'position_ratio': 0.0}], 'm_echo': {'ma_margin': 0.0, 'quity': 103295.19}} 
2023-12-06 00:23:15,789 {Main} {DEBUG} [strategy_handler,141,get]{'reponse_status': 5, 'position_count_data': {'expected': 0, 'actual': 0}} 
2023-12-06 00:23:16,076 {Main} {DEBUG} [strategy_handler,141,get]{'reponse_status': 5, 'loging_data': {'expected': 4, 'actual': 0}} 
2023-12-06 00:23:16,502 {Main} {DEBUG} [strategy_handler,141,get]{'reponse_status': 5, 'echo': {'out_position_num': 0, 'out_position_profit': 0, 'out_today': 0, 'out_week': -0.27, 'out_month': -0.27, 'out_year': 371.62, 'out_balance': 110474.87000000001, 'out_credit': 0.0, 'out_quity': 110474.87000000001, 'out_profit': 0.0, 'out_all': -770.1300000000023, 'out_position_order_num': 0}} 
2023-12-06 00:24:07,101 {Main} {DEBUG} [strategy_handler,141,get]{'reponse_status': 0, 'symbol_list': None, 'num_list': None} 
2023-12-06 00:24:07,415 {Main} {DEBUG} [strategy_handler,141,get]{'reponse_status': 5, 'echo': [{'account': '1218863982', 'position_ratio': 0.0}, {'account': '6132042', 'position_ratio': 0.0}, {'account': '641182', 'position_ratio': 0.0}], 'm_echo': {'ma_margin': 0.0, 'quity': 103295.19}} 
2023-12-06 00:24:07,427 {Main} {DEBUG} [strategy_handler,141,get]{'reponse_status': 5, 'position_count_data': {'expected': 0, 'actual': 0}} 
2023-12-06 00:24:08,014 {Main} {DEBUG} [strategy_handler,141,get]{'reponse_status': 5, 'echo': {'out_position_num': 0, 'out_position_profit': 0, 'out_today': 0, 'out_week': -0.27, 'out_month': -0.27, 'out_year': 371.62, 'out_balance': 110474.87000000001, 'out_credit': 0.0, 'out_quity': 110474.87000000001, 'out_profit': 0.0, 'out_all': -770.1300000000023, 'out_position_order_num': 0}} 
2023-12-06 00:25:12,572 {Main} {DEBUG} [strategy_handler,141,get]{'reponse_status': 0, 'symbol_list': None, 'num_list': None} 
2023-12-06 00:25:12,882 {Main} {DEBUG} [strategy_handler,141,get]{'reponse_status': 5, 'echo': [{'account': '6132042', 'position_ratio': 0.0}, {'account': '641182', 'position_ratio': 0.0}, {'account': '1218863982', 'position_ratio': 0.0}], 'm_echo': {'ma_margin': 0.0, 'quity': 103295.19}} 
2023-12-06 00:25:12,894 {Main} {DEBUG} [strategy_handler,141,get]{'reponse_status': 5, 'loging_data': {'expected': 4, 'actual': 0}} 
2023-12-06 00:25:12,894 {Main} {DEBUG} [strategy_handler,141,get]{'reponse_status': 5, 'position_count_data': {'expected': 0, 'actual': 0}} 
2023-12-06 00:25:13,926 {Main} {DEBUG} [strategy_handler,141,get]{'reponse_status': 5, 'echo': {'out_position_num': 0, 'out_position_profit': 0, 'out_today': 0, 'out_week': -0.27, 'out_month': -0.27, 'out_year': 371.62, 'out_balance': 110474.87000000001, 'out_credit': 0.0, 'out_quity': 110474.87000000001, 'out_profit': 0.0, 'out_all': -770.1300000000023, 'out_position_order_num': 0}} 
2023-12-06 00:26:09,797 {Main} {DEBUG} [strategy_handler,141,get]{'reponse_status': 5, 'echo': [{'account': '6132042', 'position_ratio': 0.0}, {'account': '641182', 'position_ratio': 0.0}, {'account': '1218863982', 'position_ratio': 0.0}], 'm_echo': {'ma_margin': 0.0, 'quity': 103295.19}} 
2023-12-06 00:26:09,808 {Main} {DEBUG} [strategy_handler,141,get]{'reponse_status': 5, 'position_count_data': {'expected': 0, 'actual': 0}} 
2023-12-06 00:26:09,818 {Main} {DEBUG} [strategy_handler,141,get]{'reponse_status': 0, 'symbol_list': None, 'num_list': None} 
2023-12-06 00:26:10,132 {Main} {DEBUG} [strategy_handler,141,get]{'reponse_status': 5, 'echo': {'out_position_num': 0, 'out_position_profit': 0, 'out_today': 0, 'out_week': -0.27, 'out_month': -0.27, 'out_year': 371.62, 'out_balance': 110474.87000000001, 'out_credit': 0.0, 'out_quity': 110474.87000000001, 'out_profit': 0.0, 'out_all': -770.1300000000023, 'out_position_order_num': 0}} 
2023-12-06 00:27:12,345 {Main} {DEBUG} [strategy_handler,141,get]{'reponse_status': 0, 'symbol_list': None, 'num_list': None} 
2023-12-06 00:27:12,655 {Main} {DEBUG} [strategy_handler,141,get]{'reponse_status': 5, 'loging_data': {'expected': 4, 'actual': 0}} 
2023-12-06 00:27:12,661 {Main} {DEBUG} [strategy_handler,141,get]{'reponse_status': 5, 'echo': [{'account': '6132042', 'position_ratio': 0.0}, {'account': '641182', 'position_ratio': 0.0}, {'account': '1218863982', 'position_ratio': 0.0}], 'm_echo': {'ma_margin': 0.0, 'quity': 103295.19}} 
2023-12-06 00:27:12,676 {Main} {DEBUG} [strategy_handler,141,get]{'reponse_status': 5, 'position_count_data': {'expected': 0, 'actual': 0}} 
2023-12-06 00:27:13,266 {Main} {DEBUG} [strategy_handler,141,get]{'reponse_status': 5, 'echo': {'out_position_num': 0, 'out_position_profit': 0, 'out_today': 0, 'out_week': -0.27, 'out_month': -0.27, 'out_year': 371.62, 'out_balance': 110474.87000000001, 'out_credit': 0.0, 'out_quity': 110474.87000000001, 'out_profit': 0.0, 'out_all': -770.1300000000023, 'out_position_order_num': 0}} 
2023-12-06 00:28:05,320 {Main} {DEBUG} [strategy_handler,141,get]{'reponse_status': 0, 'symbol_list': None, 'num_list': None} 
2023-12-06 00:28:05,630 {Main} {DEBUG} [strategy_handler,141,get]{'reponse_status': 5, 'echo': [{'account': '6132042', 'position_ratio': 0.0}, {'account': '641182', 'position_ratio': 0.0}, {'account': '1218863982', 'position_ratio': 0.0}], 'm_echo': {'ma_margin': 0.0, 'quity': 103295.19}} 
2023-12-06 00:28:06,147 {Main} {DEBUG} [strategy_handler,141,get]{'reponse_status': 5, 'position_count_data': {'expected': 0, 'actual': 0}} 
2023-12-06 00:28:06,531 {Main} {DEBUG} [strategy_handler,141,get]{'reponse_status': 5, 'echo': {'out_position_num': 0, 'out_position_profit': 0, 'out_today': 0, 'out_week': -0.27, 'out_month': -0.27, 'out_year': 371.62, 'out_balance': 110474.87000000001, 'out_credit': 0.0, 'out_quity': 110474.87000000001, 'out_profit': 0.0, 'out_all': -770.1300000000023, 'out_position_order_num': 0}} 
2023-12-06 00:29:16,502 {Main} {DEBUG} [strategy_handler,141,get]{'reponse_status': 0, 'symbol_list': None, 'num_list': None} 
2023-12-06 00:29:16,813 {Main} {DEBUG} [strategy_handler,141,get]{'reponse_status': 5, 'loging_data': {'expected': 4, 'actual': 0}} 
2023-12-06 00:29:16,822 {Main} {DEBUG} [strategy_handler,141,get]{'reponse_status': 5, 'position_count_data': {'expected': 0, 'actual': 0}} 
2023-12-06 00:29:17,214 {Main} {DEBUG} [strategy_handler,141,get]{'reponse_status': 5, 'echo': [{'account': '1218863982', 'position_ratio': 0.0}, {'account': '6132042', 'position_ratio': 0.0}, {'account': '641182', 'position_ratio': 0.0}], 'm_echo': {'ma_margin': 0.0, 'quity': 103295.19}} 
2023-12-06 00:29:17,430 {Main} {DEBUG} [strategy_handler,141,get]{'reponse_status': 5, 'echo': {'out_position_num': 0, 'out_position_profit': 0, 'out_today': 0, 'out_week': -0.27, 'out_month': -0.27, 'out_year': 371.62, 'out_balance': 110474.87000000001, 'out_credit': 0.0, 'out_quity': 110474.87000000001, 'out_profit': 0.0, 'out_all': -770.1300000000023, 'out_position_order_num': 0}} 
2023-12-06 00:30:12,699 {Main} {DEBUG} [strategy_handler,141,get]{'reponse_status': 0, 'symbol_list': None, 'num_list': None} 
2023-12-06 00:30:13,017 {Main} {DEBUG} [strategy_handler,141,get]{'reponse_status': 5, 'echo': [{'account': '1218863982', 'position_ratio': 0.0}, {'account': '6132042', 'position_ratio': 0.0}, {'account': '641182', 'position_ratio': 0.0}], 'm_echo': {'ma_margin': 0.0, 'quity': 103295.19}} 
2023-12-06 00:30:13,023 {Main} {DEBUG} [strategy_handler,141,get]{'reponse_status': 5, 'position_count_data': {'expected': 0, 'actual': 0}} 
2023-12-06 00:30:14,034 {Main} {DEBUG} [strategy_handler,141,get]{'reponse_status': 5, 'echo': {'out_position_num': 0, 'out_position_profit': 0, 'out_today': 0, 'out_week': -0.27, 'out_month': -0.27, 'out_year': 371.62, 'out_balance': 110474.87000000001, 'out_credit': 0.0, 'out_quity': 110474.87000000001, 'out_profit': 0.0, 'out_all': -770.1300000000023, 'out_position_order_num': 0}} 
2023-12-06 00:31:12,112 {Main} {DEBUG} [strategy_handler,141,get]{'reponse_status': 0, 'symbol_list': None, 'num_list': None} 
2023-12-06 00:31:12,426 {Main} {DEBUG} [strategy_handler,141,get]{'reponse_status': 5, 'echo': [{'account': '6132042', 'position_ratio': 0.0}, {'account': '641182', 'position_ratio': 0.0}, {'account': '1218863982', 'position_ratio': 0.0}], 'm_echo': {'ma_margin': 0.0, 'quity': 103295.19}} 
2023-12-06 00:31:12,432 {Main} {DEBUG} [strategy_handler,141,get]{'reponse_status': 5, 'position_count_data': {'expected': 0, 'actual': 0}} 
2023-12-06 00:31:12,823 {Main} {DEBUG} [strategy_handler,141,get]{'reponse_status': 5, 'loging_data': {'expected': 4, 'actual': 0}} 
2023-12-06 00:31:13,046 {Main} {DEBUG} [strategy_handler,141,get]{'reponse_status': 5, 'echo': {'out_position_num': 0, 'out_position_profit': 0, 'out_today': 0, 'out_week': -0.27, 'out_month': -0.27, 'out_year': 371.62, 'out_balance': 110474.87000000001, 'out_credit': 0.0, 'out_quity': 110474.87000000001, 'out_profit': 0.0, 'out_all': -770.1300000000023, 'out_position_order_num': 0}} 
2023-12-06 00:32:09,519 {Main} {DEBUG} [strategy_handler,141,get]{'reponse_status': 0, 'symbol_list': None, 'num_list': None} 
2023-12-06 00:32:09,826 {Main} {DEBUG} [strategy_handler,141,get]{'reponse_status': 5, 'echo': [{'account': '1218863982', 'position_ratio': 0.0}, {'account': '6132042', 'position_ratio': 0.0}, {'account': '641182', 'position_ratio': 0.0}], 'm_echo': {'ma_margin': 0.0, 'quity': 103295.19}} 
2023-12-06 00:32:09,850 {Main} {DEBUG} [strategy_handler,141,get]{'reponse_status': 5, 'position_count_data': {'expected': 0, 'actual': 0}} 
2023-12-06 00:32:10,829 {Main} {DEBUG} [strategy_handler,141,get]{'reponse_status': 5, 'echo': {'out_position_num': 0, 'out_position_profit': 0, 'out_today': 0, 'out_week': -0.27, 'out_month': -0.27, 'out_year': 371.62, 'out_balance': 110474.87000000001, 'out_credit': 0.0, 'out_quity': 110474.87000000001, 'out_profit': 0.0, 'out_all': -770.1300000000023, 'out_position_order_num': 0}} 
2023-12-06 00:33:11,230 {Main} {DEBUG} [strategy_handler,141,get]{'reponse_status': 0, 'symbol_list': None, 'num_list': None} 
2023-12-06 00:33:11,544 {Main} {DEBUG} [strategy_handler,141,get]{'reponse_status': 5, 'loging_data': {'expected': 4, 'actual': 0}} 
2023-12-06 00:33:11,547 {Main} {DEBUG} [strategy_handler,141,get]{'reponse_status': 5, 'echo': [{'account': '6132042', 'position_ratio': 0.0}, {'account': '641182', 'position_ratio': 0.0}, {'account': '1218863982', 'position_ratio': 0.0}], 'm_echo': {'ma_margin': 0.0, 'quity': 103295.19}} 
2023-12-06 00:33:11,565 {Main} {DEBUG} [strategy_handler,141,get]{'reponse_status': 5, 'position_count_data': {'expected': 0, 'actual': 0}} 
2023-12-06 00:33:12,968 {Main} {DEBUG} [strategy_handler,141,get]{'reponse_status': 5, 'echo': {'out_position_num': 0, 'out_position_profit': 0, 'out_today': 0, 'out_week': -0.27, 'out_month': -0.27, 'out_year': 371.62, 'out_balance': 110474.87000000001, 'out_credit': 0.0, 'out_quity': 110474.87000000001, 'out_profit': 0.0, 'out_all': -770.1300000000023, 'out_position_order_num': 0}} 
2023-12-06 00:34:05,908 {Main} {DEBUG} [strategy_handler,141,get]{'reponse_status': 0, 'symbol_list': None, 'num_list': None} 
2023-12-06 00:34:06,222 {Main} {DEBUG} [strategy_handler,141,get]{'reponse_status': 5, 'echo': [{'account': '6132042', 'position_ratio': 0.0}, {'account': '641182', 'position_ratio': 0.0}, {'account': '1218863982', 'position_ratio': 0.0}], 'm_echo': {'ma_margin': 0.0, 'quity': 103295.19}} 
2023-12-06 00:34:06,234 {Main} {DEBUG} [strategy_handler,141,get]{'reponse_status': 5, 'position_count_data': {'expected': 0, 'actual': 0}} 
2023-12-06 00:34:06,828 {Main} {DEBUG} [strategy_handler,141,get]{'reponse_status': 5, 'echo': {'out_position_num': 0, 'out_position_profit': 0, 'out_today': 0, 'out_week': -0.27, 'out_month': -0.27, 'out_year': 371.62, 'out_balance': 110474.87000000001, 'out_credit': 0.0, 'out_quity': 110474.87000000001, 'out_profit': 0.0, 'out_all': -770.1300000000023, 'out_position_order_num': 0}} 
2023-12-06 00:35:17,179 {Main} {DEBUG} [strategy_handler,141,get]{'reponse_status': 0, 'symbol_list': None, 'num_list': None} 
2023-12-06 00:35:17,574 {Main} {DEBUG} [strategy_handler,141,get]{'reponse_status': 5, 'echo': [{'account': '6132042', 'position_ratio': 0.0}, {'account': '641182', 'position_ratio': 0.0}, {'account': '1218863982', 'position_ratio': 0.0}], 'm_echo': {'ma_margin': 0.0, 'quity': 103295.19}} 
2023-12-06 00:35:17,575 {Main} {DEBUG} [strategy_handler,141,get]{'reponse_status': 5, 'loging_data': {'expected': 4, 'actual': 0}} 
2023-12-06 00:35:17,575 {Main} {DEBUG} [strategy_handler,141,get]{'reponse_status': 5, 'position_count_data': {'expected': 0, 'actual': 0}} 
2023-12-06 00:35:18,113 {Main} {DEBUG} [strategy_handler,141,get]{'reponse_status': 5, 'echo': {'out_position_num': 0, 'out_position_profit': 0, 'out_today': 0, 'out_week': -0.27, 'out_month': -0.27, 'out_year': 371.62, 'out_balance': 110474.87000000001, 'out_credit': 0.0, 'out_quity': 110474.87000000001, 'out_profit': 0.0, 'out_all': -770.1300000000023, 'out_position_order_num': 0}} 
2023-12-06 00:36:07,688 {Main} {DEBUG} [strategy_handler,141,get]{'reponse_status': 0, 'symbol_list': None, 'num_list': None} 
2023-12-06 00:36:07,999 {Main} {DEBUG} [strategy_handler,141,get]{'reponse_status': 5, 'echo': [{'account': '6132042', 'position_ratio': 0.0}, {'account': '641182', 'position_ratio': 0.0}, {'account': '1218863982', 'position_ratio': 0.0}], 'm_echo': {'ma_margin': 0.0, 'quity': 103295.19}} 
2023-12-06 00:36:08,014 {Main} {DEBUG} [strategy_handler,141,get]{'reponse_status': 5, 'position_count_data': {'expected': 0, 'actual': 0}} 
2023-12-06 00:36:08,647 {Main} {DEBUG} [strategy_handler,141,get]{'reponse_status': 5, 'echo': {'out_position_num': 0, 'out_position_profit': 0, 'out_today': 0, 'out_week': -0.27, 'out_month': -0.27, 'out_year': 371.62, 'out_balance': 110474.87000000001, 'out_credit': 0.0, 'out_quity': 110474.87000000001, 'out_profit': 0.0, 'out_all': -770.1300000000023, 'out_position_order_num': 0}} 
2023-12-06 00:37:11,330 {Main} {DEBUG} [strategy_handler,141,get]{'reponse_status': 0, 'symbol_list': None, 'num_list': None} 
2023-12-06 00:37:11,642 {Main} {DEBUG} [strategy_handler,141,get]{'reponse_status': 5, 'loging_data': {'expected': 4, 'actual': 0}} 
2023-12-06 00:37:11,646 {Main} {DEBUG} [strategy_handler,141,get]{'reponse_status': 5, 'echo': [{'account': '6132042', 'position_ratio': 0.0}, {'account': '641182', 'position_ratio': 0.0}, {'account': '1218863982', 'position_ratio': 0.0}], 'm_echo': {'ma_margin': 0.0, 'quity': 103295.19}} 
2023-12-06 00:37:11,656 {Main} {DEBUG} [strategy_handler,141,get]{'reponse_status': 5, 'position_count_data': {'expected': 0, 'actual': 0}} 
2023-12-06 00:37:12,266 {Main} {DEBUG} [strategy_handler,141,get]{'reponse_status': 5, 'echo': {'out_position_num': 0, 'out_position_profit': 0, 'out_today': 0, 'out_week': -0.27, 'out_month': -0.27, 'out_year': 371.62, 'out_balance': 110474.87000000001, 'out_credit': 0.0, 'out_quity': 110474.87000000001, 'out_profit': 0.0, 'out_all': -770.1300000000023, 'out_position_order_num': 0}} 
2023-12-06 00:38:07,300 {Main} {DEBUG} [strategy_handler,141,get]{'reponse_status': 0, 'symbol_list': None, 'num_list': None} 
2023-12-06 00:38:07,610 {Main} {DEBUG} [strategy_handler,141,get]{'reponse_status': 5, 'echo': [{'account': '6132042', 'position_ratio': 0.0}, {'account': '641182', 'position_ratio': 0.0}, {'account': '1218863982', 'position_ratio': 0.0}], 'm_echo': {'ma_margin': 0.0, 'quity': 103295.19}} 
2023-12-06 00:38:07,621 {Main} {DEBUG} [strategy_handler,141,get]{'reponse_status': 5, 'position_count_data': {'expected': 0, 'actual': 0}} 
2023-12-06 00:38:08,248 {Main} {DEBUG} [strategy_handler,141,get]{'reponse_status': 5, 'echo': {'out_position_num': 0, 'out_position_profit': 0, 'out_today': 0, 'out_week': -0.27, 'out_month': -0.27, 'out_year': 371.62, 'out_balance': 110474.87000000001, 'out_credit': 0.0, 'out_quity': 110474.87000000001, 'out_profit': 0.0, 'out_all': -770.1300000000023, 'out_position_order_num': 0}} 
2023-12-06 00:39:13,985 {Main} {DEBUG} [strategy_handler,141,get]{'reponse_status': 0, 'symbol_list': None, 'num_list': None} 
2023-12-06 00:39:14,293 {Main} {DEBUG} [strategy_handler,141,get]{'reponse_status': 5, 'echo': [{'account': '1218863982', 'position_ratio': 0.0}, {'account': '6132042', 'position_ratio': 0.0}, {'account': '641182', 'position_ratio': 0.0}], 'm_echo': {'ma_margin': 0.0, 'quity': 103295.19}} 
2023-12-06 00:39:14,297 {Main} {DEBUG} [strategy_handler,141,get]{'reponse_status': 5, 'loging_data': {'expected': 4, 'actual': 0}} 
2023-12-06 00:39:14,345 {Main} {DEBUG} [strategy_handler,141,get]{'reponse_status': 5, 'position_count_data': {'expected': 0, 'actual': 0}} 
2023-12-06 00:47:47,350 {Main} {ERROR} [strategy_model,117,getStrategyCount][getStrategyCount] (2013, 'Lost connection to MySQL server during query (Stream is closed)') 
2023-12-06 00:47:47,351 {Main} {DEBUG} [strategy_handler,141,get]{'reponse_status': 0, 'echo': None} 
2023-12-06 17:32:24,674 {Main} {DEBUG} [strategy_handler,141,get]{'reponse_status': -1} 
2023-12-06 17:32:31,102 {Main} {DEBUG} [strategy_handler,141,get]{'reponse_status': -1} 
2023-12-06 17:32:33,767 {Main} {DEBUG} [strategy_handler,141,get]{'reponse_status': -1} 
2023-12-06 17:32:34,094 {Main} {DEBUG} [strategy_handler,141,get]{'reponse_status': 0, 'symbol_list': None, 'num_list': None} 
2023-12-06 17:32:34,415 {Main} {DEBUG} [strategy_handler,141,get]{'reponse_status': 5, 'position_count_data': {'expected': 0, 'actual': 0}} 
2023-12-06 17:32:45,142 {Main} {DEBUG} [sendmail_handler,29,post][{'uaid': 13598, 'key_ma': '5611db0e4e061254e06eb409c84af440', 'flag_ma': 1, 'uid': 12476, 'email': 'hoddy@fxcns.com', 'emailflag': 1, 'account': '5001370', 'uname': None, 'ma_name': '交易策略Pro', 'logo_url': None, 'fx_comment': None}, {'uaid': 13616, 'key_ma': '845d3c24fad935a1307df2e71ccba5db', 'flag_ma': 0, 'uid': 12476, 'email': 'hoddy@fxcns.com', 'emailflag': 1, 'account': '500137088', 'uname': None, 'ma_name': None, 'logo_url': None, 'fx_comment': None}] 
2023-12-06 17:34:05,731 {Main} {DEBUG} [strategy_handler,141,get]{'reponse_status': 0, 'symbol_list': None, 'num_list': None} 
2023-12-06 17:34:14,167 {Main} {DEBUG} [strategy_handler,141,get]{'reponse_status': 5, 'echo': {'out_position_num': 0, 'out_position_profit': 0, 'out_today': -54.34000000000001, 'out_week': 103.27999999999996, 'out_month': 103.27999999999996, 'out_year': 445.8, 'out_balance': 30420.29, 'out_credit': 0.0, 'out_quity': 30420.29, 'out_profit': 0.0, 'out_all': 339.7700000000011, 'out_position_order_num': 0}} 
2023-12-06 17:34:24,214 {Main} {DEBUG} [strategy_handler,141,get]{'reponse_status': 5, 'position_count_data': {'expected': 0, 'actual': 0}} 
2023-12-06 17:34:29,300 {Main} {DEBUG} [strategy_handler,141,get]{'reponse_status': 5, 'echo': [{'account': '639840', 'position_ratio': 0.0}, {'account': '5204250', 'position_ratio': 0.0}, {'account': '2126080', 'position_ratio': 0.0}], 'm_echo': {'ma_margin': 0.0, 'quity': 30419.57}} 
2023-12-06 17:34:29,301 {Main} {DEBUG} [strategy_handler,141,get]{'reponse_status': 5, 'loging_data': {'expected': 4, 'actual': 4}} 
2023-12-06 17:34:34,282 {Main} {DEBUG} [strategy_handler,141,get]{'reponse_status': 0, 'symbol_list': None, 'num_list': None} 
2023-12-06 17:34:34,283 {Main} {DEBUG} [strategy_handler,141,get]{'reponse_status': 5, 'echo': [{'account': '639840', 'position_ratio': 0.0}, {'account': '5204250', 'position_ratio': 0.0}, {'account': '2126080', 'position_ratio': 0.0}], 'm_echo': {'ma_margin': 0.0, 'quity': 30419.57}} 
2023-12-06 17:34:34,283 {Main} {DEBUG} [strategy_handler,141,get]{'reponse_status': 0, 'symbol_list': None, 'num_list': None} 
2023-12-06 17:34:34,888 {Main} {DEBUG} [strategy_handler,141,get]{'reponse_status': 5, 'position_count_data': {'expected': 0, 'actual': 0}} 
2023-12-06 17:34:35,210 {Main} {DEBUG} [strategy_handler,141,get]{'reponse_status': 5, 'echo': {'out_position_num': 0, 'out_position_profit': 0, 'out_today': -54.34000000000001, 'out_week': 103.27999999999996, 'out_month': 103.27999999999996, 'out_year': 445.8, 'out_balance': 30420.29, 'out_credit': 0.0, 'out_quity': 30420.29, 'out_profit': 0.0, 'out_all': 339.7700000000011, 'out_position_order_num': 0}} 
2023-12-06 17:35:00,889 {Main} {DEBUG} [strategy_handler,141,get]{'reponse_status': 0, 'symbol_list': None, 'num_list': None} 
2023-12-06 17:35:04,282 {Main} {DEBUG} [strategy_handler,141,get]{'reponse_status': 5, 'position_count_data': {'expected': 0, 'actual': 0}} 
2023-12-06 17:35:09,358 {Main} {DEBUG} [strategy_handler,141,get]{'reponse_status': 5, 'echo': [{'account': '639840', 'position_ratio': 0.0}, {'account': '5204250', 'position_ratio': 0.0}, {'account': '2126080', 'position_ratio': 0.0}], 'm_echo': {'ma_margin': 0.0, 'quity': 30419.57}} 
2023-12-06 17:35:09,358 {Main} {DEBUG} [strategy_handler,141,get]{'reponse_status': 5, 'loging_data': {'expected': 4, 'actual': 4}} 
2023-12-06 17:35:09,651 {Main} {DEBUG} [strategy_handler,141,get]{'reponse_status': 0, 'symbol_list': None, 'num_list': None} 
2023-12-06 17:35:09,658 {Main} {DEBUG} [strategy_handler,141,get]{'reponse_status': 5, 'position_count_data': {'expected': 0, 'actual': 0}} 
2023-12-06 17:35:39,984 {Main} {DEBUG} [strategy_handler,141,get]{'reponse_status': 0, 'symbol_list': None, 'num_list': None} 
2023-12-06 17:35:45,118 {Main} {DEBUG} [strategy_handler,141,get]{'reponse_status': 5, 'echo': {'out_position_num': 0, 'out_position_profit': 0, 'out_today': -54.34000000000001, 'out_week': 103.27999999999996, 'out_month': 103.27999999999996, 'out_year': 445.8, 'out_balance': 30420.29, 'out_credit': 0.0, 'out_quity': 30420.29, 'out_profit': 0.0, 'out_all': 339.7700000000011, 'out_position_order_num': 0}} 
2023-12-06 17:35:46,803 {Main} {DEBUG} [strategy_handler,141,get]{'reponse_status': 5, 'position_count_data': {'expected': 0, 'actual': 0}} 
2023-12-06 17:35:50,189 {Main} {DEBUG} [strategy_handler,141,get]{'reponse_status': 5, 'echo': [{'account': '639840', 'position_ratio': 0.0}, {'account': '5204250', 'position_ratio': 0.0}, {'account': '2126080', 'position_ratio': 0.0}], 'm_echo': {'ma_margin': 0.0, 'quity': 30419.57}} 
2023-12-06 17:35:50,448 {Main} {DEBUG} [strategy_handler,141,get]{'reponse_status': 0, 'symbol_list': None, 'num_list': None} 
2023-12-06 17:35:50,491 {Main} {DEBUG} [strategy_handler,141,get]{'reponse_status': 5, 'position_count_data': {'expected': 0, 'actual': 0}} 
2023-12-06 17:36:29,316 {Main} {DEBUG} [strategy_handler,141,get]{'reponse_status': 0, 'symbol_list': None, 'num_list': None} 
2023-12-06 17:36:29,337 {Main} {DEBUG} [strategy_handler,141,get]{'reponse_status': 5, 'loging_data': {'expected': 4, 'actual': 4}} 
2023-12-06 17:36:31,109 {Main} {DEBUG} [strategy_handler,141,get]{'reponse_status': 5, 'echo': [{'account': '639840', 'position_ratio': 0.0}, {'account': '5204250', 'position_ratio': 0.0}, {'account': '2126080', 'position_ratio': 0.0}], 'm_echo': {'ma_margin': 0.0, 'quity': 30419.57}} 
2023-12-06 17:36:34,549 {Main} {DEBUG} [strategy_handler,141,get]{'reponse_status': 5, 'position_count_data': {'expected': 0, 'actual': 0}} 
2023-12-06 17:36:34,897 {Main} {DEBUG} [strategy_handler,141,get]{'reponse_status': 0, 'symbol_list': None, 'num_list': None} 
2023-12-06 17:36:34,898 {Main} {DEBUG} [strategy_handler,141,get]{'reponse_status': 5, 'echo': {'out_position_num': 0, 'out_position_profit': 0, 'out_today': -54.34000000000001, 'out_week': 103.27999999999996, 'out_month': 103.27999999999996, 'out_year': 445.8, 'out_balance': 30420.29, 'out_credit': 0.0, 'out_quity': 30420.29, 'out_profit': 0.0, 'out_all': 339.7700000000011, 'out_position_order_num': 0}} 
2023-12-06 17:36:34,898 {Main} {DEBUG} [strategy_handler,141,get]{'reponse_status': 5, 'position_count_data': {'expected': 0, 'actual': 0}} 
2023-12-06 17:36:40,928 {Main} {DEBUG} [strategy_handler,141,get]{'reponse_status': 5, 'echo': [{'account': '5204250', 'position_ratio': 0.0}, {'account': '2126080', 'position_ratio': 0.0}, {'account': '639840', 'position_ratio': 0.0}], 'm_echo': {'ma_margin': 0.0, 'quity': 30419.57}} 
2023-12-06 17:36:46,684 {Main} {DEBUG} [strategy_handler,141,get]{'reponse_status': 5, 'position_count_data': {'expected': 0, 'actual': 0}} 
2023-12-06 17:36:53,551 {Main} {DEBUG} [strategy_handler,141,get]{'reponse_status': 0, 'symbol_list': None, 'num_list': None} 
2023-12-06 17:37:29,290 {Main} {DEBUG} [strategy_handler,141,get]{'reponse_status': 5, 'echo': {'out_position_num': 0, 'out_position_profit': 0, 'out_today': -54.34000000000001, 'out_week': 103.27999999999996, 'out_month': 103.27999999999996, 'out_year': 445.8, 'out_balance': 30420.29, 'out_credit': 0.0, 'out_quity': 30420.29, 'out_profit': 0.0, 'out_all': 339.7700000000011, 'out_position_order_num': 0}} 
2023-12-06 17:37:29,291 {Main} {DEBUG} [strategy_handler,141,get]{'reponse_status': 0, 'symbol_list': None, 'num_list': None} 
2023-12-06 17:37:29,317 {Main} {DEBUG} [strategy_handler,141,get]{'reponse_status': 5, 'position_count_data': {'expected': 0, 'actual': 0}} 
2023-12-06 17:37:29,323 {Main} {DEBUG} [strategy_handler,141,get]{'reponse_status': 5, 'loging_data': {'expected': 4, 'actual': 4}} 
2023-12-06 17:37:29,619 {Main} {DEBUG} [strategy_handler,141,get]{'reponse_status': 5, 'echo': [{'account': '639840', 'position_ratio': 0.0}, {'account': '5204250', 'position_ratio': 0.0}, {'account': '2126080', 'position_ratio': 0.0}], 'm_echo': {'ma_margin': 0.0, 'quity': 30419.57}} 
2023-12-06 17:37:29,894 {Main} {DEBUG} [strategy_handler,141,get]{'reponse_status': 5, 'position_count_data': {'expected': 0, 'actual': 0}} 
2023-12-06 17:38:50,716 {Main} {DEBUG} [strategy_handler,141,get]{'reponse_status': 0, 'symbol_list': None, 'num_list': None} 
2023-12-06 17:38:56,060 {Main} {DEBUG} [strategy_handler,141,get]{'reponse_status': 5, 'echo': [{'account': '639840', 'position_ratio': 0.0}, {'account': '5204250', 'position_ratio': 0.0}, {'account': '2126080', 'position_ratio': 0.0}], 'm_echo': {'ma_margin': 0.0, 'quity': 30419.57}} 
2023-12-06 17:38:56,086 {Main} {DEBUG} [strategy_handler,141,get]{'reponse_status': 5, 'echo': {'out_position_num': 0, 'out_position_profit': 0, 'out_today': -54.34000000000001, 'out_week': 103.27999999999996, 'out_month': 103.27999999999996, 'out_year': 445.8, 'out_balance': 30420.29, 'out_credit': 0.0, 'out_quity': 30420.29, 'out_profit': 0.0, 'out_all': 339.7700000000011, 'out_position_order_num': 0}} 
2023-12-06 17:38:56,095 {Main} {DEBUG} [strategy_handler,141,get]{'reponse_status': 5, 'position_count_data': {'expected': 0, 'actual': 0}} 
2023-12-06 17:38:56,096 {Main} {DEBUG} [strategy_handler,141,get]{'reponse_status': 5, 'loging_data': {'expected': 4, 'actual': 4}} 
2023-12-06 17:39:08,140 {Main} {DEBUG} [strategy_handler,141,get]{'reponse_status': 0, 'symbol_list': None, 'num_list': None} 
2023-12-06 17:39:11,639 {Main} {DEBUG} [strategy_handler,141,get]{'reponse_status': 5, 'position_count_data': {'expected': 0, 'actual': 0}} 
2023-12-06 17:39:17,932 {Main} {DEBUG} [strategy_handler,141,get]{'reponse_status': 5, 'echo': [{'account': '639840', 'position_ratio': 0.0}, {'account': '5204250', 'position_ratio': 0.0}, {'account': '2126080', 'position_ratio': 0.0}], 'm_echo': {'ma_margin': 0.0, 'quity': 30419.57}} 
2023-12-06 17:39:17,964 {Main} {DEBUG} [strategy_handler,141,get]{'reponse_status': 0, 'symbol_list': None, 'num_list': None} 
2023-12-06 17:39:17,971 {Main} {DEBUG} [strategy_handler,141,get]{'reponse_status': 5, 'position_count_data': {'expected': 0, 'actual': 0}} 
2023-12-06 17:39:18,852 {Main} {DEBUG} [strategy_handler,141,get]{'reponse_status': 5, 'echo': {'out_position_num': 0, 'out_position_profit': 0, 'out_today': -54.34000000000001, 'out_week': 103.27999999999996, 'out_month': 103.27999999999996, 'out_year': 445.8, 'out_balance': 30420.29, 'out_credit': 0.0, 'out_quity': 30420.29, 'out_profit': 0.0, 'out_all': 339.7700000000011, 'out_position_order_num': 0}} 
2023-12-06 17:39:26,778 {Main} {DEBUG} [strategy_handler,141,get]{'reponse_status': 5, 'position_count_data': {'expected': 0, 'actual': 0}} 
2023-12-06 17:40:47,500 {Main} {DEBUG} [strategy_handler,141,get]{'reponse_status': 0, 'symbol_list': None, 'num_list': None} 
2023-12-06 17:40:47,818 {Main} {DEBUG} [strategy_handler,141,get]{'reponse_status': 5, 'echo': [{'account': '639840', 'position_ratio': 0.0}, {'account': '5204250', 'position_ratio': 0.0}, {'account': '2126080', 'position_ratio': 0.0}], 'm_echo': {'ma_margin': 0.0, 'quity': 30419.57}} 
2023-12-06 17:40:47,818 {Main} {DEBUG} [strategy_handler,141,get]{'reponse_status': 5, 'loging_data': {'expected': 4, 'actual': 4}} 
2023-12-06 17:40:47,819 {Main} {DEBUG} [strategy_handler,141,get]{'reponse_status': 5, 'position_count_data': {'expected': 0, 'actual': 0}} 
2023-12-06 17:40:48,449 {Main} {DEBUG} [strategy_handler,141,get]{'reponse_status': 5, 'echo': {'out_position_num': 0, 'out_position_profit': 0, 'out_today': -54.34000000000001, 'out_week': 103.27999999999996, 'out_month': 103.27999999999996, 'out_year': 445.8, 'out_balance': 30420.29, 'out_credit': 0.0, 'out_quity': 30420.29, 'out_profit': 0.0, 'out_all': 339.7700000000011, 'out_position_order_num': 0}} 
2023-12-06 17:41:42,482 {Main} {DEBUG} [strategy_handler,141,get]{'reponse_status': 0, 'symbol_list': None, 'num_list': None} 
2023-12-06 17:41:42,967 {Main} {DEBUG} [strategy_handler,141,get]{'reponse_status': 5, 'echo': [{'account': '639840', 'position_ratio': 0.0}, {'account': '5204250', 'position_ratio': 0.0}, {'account': '2126080', 'position_ratio': 0.0}], 'm_echo': {'ma_margin': 0.0, 'quity': 30419.57}} 
2023-12-06 17:41:42,972 {Main} {DEBUG} [strategy_handler,141,get]{'reponse_status': 5, 'position_count_data': {'expected': 0, 'actual': 0}} 
2023-12-06 17:41:43,593 {Main} {DEBUG} [strategy_handler,141,get]{'reponse_status': 5, 'echo': {'out_position_num': 0, 'out_position_profit': 0, 'out_today': -54.34000000000001, 'out_week': 103.27999999999996, 'out_month': 103.27999999999996, 'out_year': 445.8, 'out_balance': 30420.29, 'out_credit': 0.0, 'out_quity': 30420.29, 'out_profit': 0.0, 'out_all': 339.7700000000011, 'out_position_order_num': 0}} 
2023-12-06 17:42:45,047 {Main} {DEBUG} [strategy_handler,141,get]{'reponse_status': 0, 'symbol_list': None, 'num_list': None} 
2023-12-06 17:42:45,347 {Main} {DEBUG} [strategy_handler,141,get]{'reponse_status': 5, 'loging_data': {'expected': 4, 'actual': 4}} 
2023-12-06 17:42:45,363 {Main} {DEBUG} [strategy_handler,141,get]{'reponse_status': 5, 'position_count_data': {'expected': 0, 'actual': 0}} 
2023-12-06 17:42:45,368 {Main} {DEBUG} [strategy_handler,141,get]{'reponse_status': 5, 'echo': [{'account': '639840', 'position_ratio': 0.0}, {'account': '5204250', 'position_ratio': 0.0}, {'account': '2126080', 'position_ratio': 0.0}], 'm_echo': {'ma_margin': 0.0, 'quity': 30419.57}} 
2023-12-06 17:42:45,938 {Main} {DEBUG} [strategy_handler,141,get]{'reponse_status': 5, 'echo': {'out_position_num': 0, 'out_position_profit': 0, 'out_today': -54.34000000000001, 'out_week': 103.27999999999996, 'out_month': 103.27999999999996, 'out_year': 445.8, 'out_balance': 30420.29, 'out_credit': 0.0, 'out_quity': 30420.29, 'out_profit': 0.0, 'out_all': 339.7700000000011, 'out_position_order_num': 0}} 
2023-12-06 17:43:40,133 {Main} {DEBUG} [strategy_handler,141,get]{'reponse_status': 0, 'symbol_list': None, 'num_list': None} 
2023-12-06 17:43:40,438 {Main} {DEBUG} [strategy_handler,141,get]{'reponse_status': 5, 'echo': [{'account': '639840', 'position_ratio': 0.0}, {'account': '5204250', 'position_ratio': 0.0}, {'account': '2126080', 'position_ratio': 0.0}], 'm_echo': {'ma_margin': 0.0, 'quity': 30419.57}} 
2023-12-06 17:43:40,440 {Main} {DEBUG} [strategy_handler,141,get]{'reponse_status': 5, 'position_count_data': {'expected': 0, 'actual': 0}} 
2023-12-06 17:43:41,015 {Main} {DEBUG} [strategy_handler,141,get]{'reponse_status': 5, 'echo': {'out_position_num': 0, 'out_position_profit': 0, 'out_today': -54.34000000000001, 'out_week': 103.27999999999996, 'out_month': 103.27999999999996, 'out_year': 445.8, 'out_balance': 30420.29, 'out_credit': 0.0, 'out_quity': 30420.29, 'out_profit': 0.0, 'out_all': 339.7700000000011, 'out_position_order_num': 0}} 
2023-12-06 17:44:45,231 {Main} {DEBUG} [strategy_handler,141,get]{'reponse_status': 0, 'symbol_list': None, 'num_list': None} 
2023-12-06 17:44:45,532 {Main} {DEBUG} [strategy_handler,141,get]{'reponse_status': 5, 'loging_data': {'expected': 4, 'actual': 4}} 
2023-12-06 17:44:45,535 {Main} {DEBUG} [strategy_handler,141,get]{'reponse_status': 5, 'echo': [{'account': '2126080', 'position_ratio': 0.0}, {'account': '639840', 'position_ratio': 0.0}, {'account': '5204250', 'position_ratio': 0.0}], 'm_echo': {'ma_margin': 0.0, 'quity': 30419.57}} 
2023-12-06 17:44:45,537 {Main} {DEBUG} [strategy_handler,141,get]{'reponse_status': 5, 'position_count_data': {'expected': 0, 'actual': 0}} 
2023-12-06 17:44:46,126 {Main} {DEBUG} [strategy_handler,141,get]{'reponse_status': 5, 'echo': {'out_position_num': 0, 'out_position_profit': 0, 'out_today': -54.34000000000001, 'out_week': 103.27999999999996, 'out_month': 103.27999999999996, 'out_year': 445.8, 'out_balance': 30420.29, 'out_credit': 0.0, 'out_quity': 30420.29, 'out_profit': 0.0, 'out_all': 339.7700000000011, 'out_position_order_num': 0}} 
